2024/05/14 16:12:33 [notice] 1#1: using the "epoll" event method
2024/05/14 16:12:33 [notice] 1#1: nginx/1.25.5
2024/05/14 16:12:33 [notice] 1#1: built by gcc 13.2.1 20231014 (Alpine 13.2.1_git20231014) 
2024/05/14 16:12:33 [notice] 1#1: OS: Linux 5.15.49-linuxkit
2024/05/14 16:12:33 [notice] 1#1: getrlimit(RLIMIT_NOFILE): 1048576:1048576
2024/05/14 16:12:33 [notice] 1#1: start worker processes
2024/05/14 16:12:33 [notice] 1#1: start worker process 29
2024/05/14 16:12:33 [notice] 1#1: start worker process 30
2024/05/14 16:12:33 [notice] 1#1: start worker process 31
2024/05/14 16:12:33 [notice] 1#1: start worker process 32
2024/05/14 16:20:05 [notice] 1#1: signal 3 (SIGQUIT) received, shutting down
2024/05/14 16:20:05 [notice] 29#29: gracefully shutting down
2024/05/14 16:20:05 [notice] 32#32: gracefully shutting down
2024/05/14 16:20:05 [notice] 31#31: gracefully shutting down
2024/05/14 16:20:05 [notice] 30#30: gracefully shutting down
2024/05/14 16:20:05 [notice] 29#29: exiting
2024/05/14 16:20:05 [notice] 32#32: exiting
2024/05/14 16:20:05 [notice] 31#31: exiting
2024/05/14 16:20:05 [notice] 30#30: exiting
2024/05/14 16:20:05 [notice] 29#29: exit
2024/05/14 16:20:05 [notice] 30#30: exit
2024/05/14 16:20:05 [notice] 32#32: exit
2024/05/14 16:20:05 [notice] 31#31: exit
2024/05/14 16:20:05 [notice] 1#1: signal 17 (SIGCHLD) received from 29
2024/05/14 16:20:05 [notice] 1#1: worker process 29 exited with code 0
2024/05/14 16:20:05 [notice] 1#1: signal 29 (SIGIO) received
2024/05/14 16:20:05 [notice] 1#1: signal 17 (SIGCHLD) received from 31
2024/05/14 16:20:05 [notice] 1#1: worker process 31 exited with code 0
2024/05/14 16:20:05 [notice] 1#1: signal 29 (SIGIO) received
2024/05/14 16:20:05 [notice] 1#1: signal 17 (SIGCHLD) received from 30
2024/05/14 16:20:05 [notice] 1#1: worker process 30 exited with code 0
2024/05/14 16:20:05 [notice] 1#1: signal 29 (SIGIO) received
2024/05/14 16:20:05 [notice] 1#1: signal 17 (SIGCHLD) received from 32
2024/05/14 16:20:05 [notice] 1#1: worker process 32 exited with code 0
2024/05/14 16:20:05 [notice] 1#1: exit
2024/05/14 16:20:23 [notice] 1#1: using the "epoll" event method
2024/05/14 16:20:23 [notice] 1#1: nginx/1.25.5
2024/05/14 16:20:23 [notice] 1#1: built by gcc 13.2.1 20231014 (Alpine 13.2.1_git20231014) 
2024/05/14 16:20:23 [notice] 1#1: OS: Linux 5.15.49-linuxkit
2024/05/14 16:20:23 [notice] 1#1: getrlimit(RLIMIT_NOFILE): 1048576:1048576
2024/05/14 16:20:23 [notice] 1#1: start worker processes
2024/05/14 16:20:23 [notice] 1#1: start worker process 30
2024/05/14 16:20:23 [notice] 1#1: start worker process 31
2024/05/14 16:20:23 [notice] 1#1: start worker process 32
2024/05/14 16:20:23 [notice] 1#1: start worker process 33
2024/05/14 17:58:04 [notice] 1#1: signal 3 (SIGQUIT) received, shutting down
2024/05/14 17:58:04 [notice] 31#31: gracefully shutting down
2024/05/14 17:58:04 [notice] 32#32: gracefully shutting down
2024/05/14 17:58:04 [notice] 30#30: gracefully shutting down
2024/05/14 17:58:04 [notice] 33#33: gracefully shutting down
2024/05/14 17:58:04 [notice] 31#31: exiting
2024/05/14 17:58:04 [notice] 31#31: exit
2024/05/14 17:58:04 [notice] 32#32: exiting
2024/05/14 17:58:04 [notice] 30#30: exiting
2024/05/14 17:58:04 [notice] 33#33: exiting
2024/05/14 17:58:04 [notice] 32#32: exit
2024/05/14 17:58:04 [notice] 30#30: exit
2024/05/14 17:58:04 [notice] 33#33: exit
2024/05/14 17:58:04 [notice] 1#1: signal 17 (SIGCHLD) received from 31
2024/05/14 17:58:04 [notice] 1#1: worker process 31 exited with code 0
2024/05/14 17:58:04 [notice] 1#1: signal 17 (SIGCHLD) received from 30
2024/05/14 17:58:04 [notice] 1#1: worker process 30 exited with code 0
2024/05/14 17:58:04 [notice] 1#1: signal 29 (SIGIO) received
2024/05/14 17:58:04 [notice] 1#1: signal 29 (SIGIO) received
2024/05/14 17:58:04 [notice] 1#1: signal 17 (SIGCHLD) received from 32
2024/05/14 17:58:04 [notice] 1#1: worker process 32 exited with code 0
2024/05/14 17:58:04 [notice] 1#1: signal 29 (SIGIO) received
2024/05/14 17:58:04 [notice] 1#1: signal 17 (SIGCHLD) received from 33
2024/05/14 17:58:04 [notice] 1#1: worker process 33 exited with code 0
2024/05/14 17:58:04 [notice] 1#1: exit
2024/05/14 17:58:07 [notice] 1#1: using the "epoll" event method
2024/05/14 17:58:07 [notice] 1#1: nginx/1.25.5
2024/05/14 17:58:07 [notice] 1#1: built by gcc 13.2.1 20231014 (Alpine 13.2.1_git20231014) 
2024/05/14 17:58:07 [notice] 1#1: OS: Linux 5.15.49-linuxkit
2024/05/14 17:58:07 [notice] 1#1: getrlimit(RLIMIT_NOFILE): 1048576:1048576
2024/05/14 17:58:07 [notice] 1#1: start worker processes
2024/05/14 17:58:07 [notice] 1#1: start worker process 29
2024/05/14 17:58:07 [notice] 1#1: start worker process 30
2024/05/14 17:58:07 [notice] 1#1: start worker process 31
2024/05/14 17:58:07 [notice] 1#1: start worker process 32
2024/05/14 18:03:32 [notice] 1#1: signal 3 (SIGQUIT) received, shutting down
2024/05/14 18:03:32 [notice] 29#29: gracefully shutting down
2024/05/14 18:03:32 [notice] 29#29: exiting
2024/05/14 18:03:32 [notice] 32#32: gracefully shutting down
2024/05/14 18:03:32 [notice] 32#32: exiting
2024/05/14 18:03:32 [notice] 30#30: gracefully shutting down
2024/05/14 18:03:32 [notice] 30#30: exiting
2024/05/14 18:03:32 [notice] 31#31: gracefully shutting down
2024/05/14 18:03:32 [notice] 29#29: exit
2024/05/14 18:03:32 [notice] 32#32: exit
2024/05/14 18:03:32 [notice] 30#30: exit
2024/05/14 18:03:32 [notice] 31#31: exiting
2024/05/14 18:03:32 [notice] 31#31: exit
2024/05/14 18:03:32 [notice] 1#1: signal 17 (SIGCHLD) received from 29
2024/05/14 18:03:32 [notice] 1#1: worker process 29 exited with code 0
2024/05/14 18:03:32 [notice] 1#1: worker process 30 exited with code 0
2024/05/14 18:03:32 [notice] 1#1: worker process 32 exited with code 0
2024/05/14 18:03:32 [notice] 1#1: signal 29 (SIGIO) received
2024/05/14 18:03:32 [notice] 1#1: signal 17 (SIGCHLD) received from 30
2024/05/14 18:03:32 [notice] 1#1: signal 17 (SIGCHLD) received from 31
2024/05/14 18:03:32 [notice] 1#1: worker process 31 exited with code 0
2024/05/14 18:03:32 [notice] 1#1: exit
2024/05/14 18:03:45 [notice] 1#1: using the "epoll" event method
2024/05/14 18:03:45 [notice] 1#1: nginx/1.25.5
2024/05/14 18:03:45 [notice] 1#1: built by gcc 13.2.1 20231014 (Alpine 13.2.1_git20231014) 
2024/05/14 18:03:45 [notice] 1#1: OS: Linux 5.15.49-linuxkit
2024/05/14 18:03:45 [notice] 1#1: getrlimit(RLIMIT_NOFILE): 1048576:1048576
2024/05/14 18:03:45 [notice] 1#1: start worker processes
2024/05/14 18:03:45 [notice] 1#1: start worker process 29
2024/05/14 18:03:45 [notice] 1#1: start worker process 30
2024/05/14 18:03:45 [notice] 1#1: start worker process 31
2024/05/14 18:03:45 [notice] 1#1: start worker process 32
2024/05/14 18:13:12 [notice] 1#1: signal 3 (SIGQUIT) received, shutting down
2024/05/14 18:13:12 [notice] 30#30: gracefully shutting down
2024/05/14 18:13:12 [notice] 30#30: exiting
2024/05/14 18:13:12 [notice] 32#32: gracefully shutting down
2024/05/14 18:13:12 [notice] 32#32: exiting
2024/05/14 18:13:12 [notice] 31#31: gracefully shutting down
2024/05/14 18:13:12 [notice] 31#31: exiting
2024/05/14 18:13:12 [notice] 29#29: gracefully shutting down
2024/05/14 18:13:12 [notice] 30#30: exit
2024/05/14 18:13:12 [notice] 32#32: exit
2024/05/14 18:13:12 [notice] 31#31: exit
2024/05/14 18:13:12 [notice] 29#29: exiting
2024/05/14 18:13:12 [notice] 29#29: exit
2024/05/14 18:13:12 [notice] 1#1: signal 17 (SIGCHLD) received from 30
2024/05/14 18:13:12 [notice] 1#1: worker process 30 exited with code 0
2024/05/14 18:13:12 [notice] 1#1: signal 29 (SIGIO) received
2024/05/14 18:13:12 [notice] 1#1: signal 17 (SIGCHLD) received from 32
2024/05/14 18:13:12 [notice] 1#1: worker process 31 exited with code 0
2024/05/14 18:13:12 [notice] 1#1: worker process 32 exited with code 0
2024/05/14 18:13:12 [notice] 1#1: signal 17 (SIGCHLD) received from 31
2024/05/14 18:13:12 [notice] 1#1: signal 29 (SIGIO) received
2024/05/14 18:13:12 [notice] 1#1: signal 17 (SIGCHLD) received from 29
2024/05/14 18:13:12 [notice] 1#1: worker process 29 exited with code 0
2024/05/14 18:13:12 [notice] 1#1: exit
2024/05/14 18:13:15 [notice] 1#1: using the "epoll" event method
2024/05/14 18:13:15 [notice] 1#1: nginx/1.25.5
2024/05/14 18:13:15 [notice] 1#1: built by gcc 13.2.1 20231014 (Alpine 13.2.1_git20231014) 
2024/05/14 18:13:15 [notice] 1#1: OS: Linux 5.15.49-linuxkit
2024/05/14 18:13:15 [notice] 1#1: getrlimit(RLIMIT_NOFILE): 1048576:1048576
2024/05/14 18:13:15 [notice] 1#1: start worker processes
2024/05/14 18:13:15 [notice] 1#1: start worker process 29
2024/05/14 18:13:15 [notice] 1#1: start worker process 30
2024/05/14 18:13:15 [notice] 1#1: start worker process 31
2024/05/14 18:13:15 [notice] 1#1: start worker process 32
2024/05/14 18:17:33 [notice] 1#1: signal 3 (SIGQUIT) received, shutting down
2024/05/14 18:17:33 [notice] 31#31: gracefully shutting down
2024/05/14 18:17:33 [notice] 30#30: gracefully shutting down
2024/05/14 18:17:33 [notice] 30#30: exiting
2024/05/14 18:17:33 [notice] 32#32: gracefully shutting down
2024/05/14 18:17:33 [notice] 31#31: exiting
2024/05/14 18:17:33 [notice] 29#29: gracefully shutting down
2024/05/14 18:17:33 [notice] 32#32: exiting
2024/05/14 18:17:33 [notice] 30#30: exit
2024/05/14 18:17:33 [notice] 31#31: exit
2024/05/14 18:17:33 [notice] 29#29: exiting
2024/05/14 18:17:33 [notice] 32#32: exit
2024/05/14 18:17:33 [notice] 29#29: exit
2024/05/14 18:17:33 [notice] 1#1: signal 17 (SIGCHLD) received from 30
2024/05/14 18:17:33 [notice] 1#1: worker process 30 exited with code 0
2024/05/14 18:17:33 [notice] 1#1: signal 29 (SIGIO) received
2024/05/14 18:17:33 [notice] 1#1: signal 17 (SIGCHLD) received from 31
2024/05/14 18:17:33 [notice] 1#1: worker process 29 exited with code 0
2024/05/14 18:17:33 [notice] 1#1: worker process 31 exited with code 0
2024/05/14 18:17:33 [notice] 1#1: worker process 32 exited with code 0
2024/05/14 18:17:33 [notice] 1#1: exit
2024/05/14 18:17:56 [notice] 1#1: using the "epoll" event method
2024/05/14 18:17:56 [notice] 1#1: nginx/1.25.5
2024/05/14 18:17:56 [notice] 1#1: built by gcc 13.2.1 20231014 (Alpine 13.2.1_git20231014) 
2024/05/14 18:17:56 [notice] 1#1: OS: Linux 5.15.49-linuxkit
2024/05/14 18:17:56 [notice] 1#1: getrlimit(RLIMIT_NOFILE): 1048576:1048576
2024/05/14 18:17:56 [notice] 1#1: start worker processes
2024/05/14 18:17:56 [notice] 1#1: start worker process 29
2024/05/14 18:17:56 [notice] 1#1: start worker process 30
2024/05/14 18:17:56 [notice] 1#1: start worker process 31
2024/05/14 18:17:56 [notice] 1#1: start worker process 32
2024/05/14 18:36:51 [notice] 1#1: signal 3 (SIGQUIT) received, shutting down
2024/05/14 18:36:51 [notice] 30#30: gracefully shutting down
2024/05/14 18:36:51 [notice] 32#32: gracefully shutting down
2024/05/14 18:36:51 [notice] 32#32: exiting
2024/05/14 18:36:51 [notice] 29#29: gracefully shutting down
2024/05/14 18:36:51 [notice] 31#31: gracefully shutting down
2024/05/14 18:36:51 [notice] 30#30: exiting
2024/05/14 18:36:51 [notice] 32#32: exit
2024/05/14 18:36:51 [notice] 29#29: exiting
2024/05/14 18:36:51 [notice] 31#31: exiting
2024/05/14 18:36:51 [notice] 30#30: exit
2024/05/14 18:36:51 [notice] 31#31: exit
2024/05/14 18:36:51 [notice] 29#29: exit
2024/05/14 18:36:51 [notice] 1#1: signal 17 (SIGCHLD) received from 32
2024/05/14 18:36:51 [notice] 1#1: worker process 32 exited with code 0
2024/05/14 18:36:51 [notice] 1#1: signal 29 (SIGIO) received
2024/05/14 18:36:51 [notice] 1#1: signal 17 (SIGCHLD) received from 30
2024/05/14 18:36:51 [notice] 1#1: worker process 29 exited with code 0
2024/05/14 18:36:51 [notice] 1#1: worker process 30 exited with code 0
2024/05/14 18:36:51 [notice] 1#1: worker process 31 exited with code 0
2024/05/14 18:36:51 [notice] 1#1: exit
2024/05/14 18:36:55 [notice] 1#1: using the "epoll" event method
2024/05/14 18:36:55 [notice] 1#1: nginx/1.25.5
2024/05/14 18:36:55 [notice] 1#1: built by gcc 13.2.1 20231014 (Alpine 13.2.1_git20231014) 
2024/05/14 18:36:55 [notice] 1#1: OS: Linux 5.15.49-linuxkit
2024/05/14 18:36:55 [notice] 1#1: getrlimit(RLIMIT_NOFILE): 1048576:1048576
2024/05/14 18:36:55 [notice] 1#1: start worker processes
2024/05/14 18:36:55 [notice] 1#1: start worker process 29
2024/05/14 18:36:55 [notice] 1#1: start worker process 30
2024/05/14 18:36:55 [notice] 1#1: start worker process 31
2024/05/14 18:36:55 [notice] 1#1: start worker process 32
2024/05/14 18:38:36 [notice] 1#1: signal 3 (SIGQUIT) received, shutting down
2024/05/14 18:38:36 [notice] 29#29: gracefully shutting down
2024/05/14 18:38:36 [notice] 30#30: gracefully shutting down
2024/05/14 18:38:36 [notice] 32#32: gracefully shutting down
2024/05/14 18:38:36 [notice] 31#31: gracefully shutting down
2024/05/14 18:38:36 [notice] 29#29: exiting
2024/05/14 18:38:36 [notice] 30#30: exiting
2024/05/14 18:38:36 [notice] 32#32: exiting
2024/05/14 18:38:36 [notice] 31#31: exiting
2024/05/14 18:38:36 [notice] 29#29: exit
2024/05/14 18:38:36 [notice] 30#30: exit
2024/05/14 18:38:36 [notice] 32#32: exit
2024/05/14 18:38:36 [notice] 31#31: exit
2024/05/14 18:38:36 [notice] 1#1: signal 17 (SIGCHLD) received from 29
2024/05/14 18:38:36 [notice] 1#1: worker process 29 exited with code 0
2024/05/14 18:38:36 [notice] 1#1: signal 29 (SIGIO) received
2024/05/14 18:38:36 [notice] 1#1: signal 17 (SIGCHLD) received from 30
2024/05/14 18:38:36 [notice] 1#1: worker process 30 exited with code 0
2024/05/14 18:38:36 [notice] 1#1: worker process 31 exited with code 0
2024/05/14 18:38:36 [notice] 1#1: worker process 32 exited with code 0
2024/05/14 18:38:36 [notice] 1#1: exit
2024/05/14 18:38:40 [notice] 1#1: using the "epoll" event method
2024/05/14 18:38:40 [notice] 1#1: nginx/1.25.5
2024/05/14 18:38:40 [notice] 1#1: built by gcc 13.2.1 20231014 (Alpine 13.2.1_git20231014) 
2024/05/14 18:38:40 [notice] 1#1: OS: Linux 5.15.49-linuxkit
2024/05/14 18:38:40 [notice] 1#1: getrlimit(RLIMIT_NOFILE): 1048576:1048576
2024/05/14 18:38:40 [notice] 1#1: start worker processes
2024/05/14 18:38:40 [notice] 1#1: start worker process 29
2024/05/14 18:38:40 [notice] 1#1: start worker process 30
2024/05/14 18:38:40 [notice] 1#1: start worker process 31
2024/05/14 18:38:40 [notice] 1#1: start worker process 32
2024/05/14 18:41:04 [notice] 1#1: signal 3 (SIGQUIT) received, shutting down
2024/05/14 18:41:04 [notice] 29#29: gracefully shutting down
2024/05/14 18:41:04 [notice] 29#29: exiting
2024/05/14 18:41:04 [notice] 32#32: gracefully shutting down
2024/05/14 18:41:04 [notice] 30#30: gracefully shutting down
2024/05/14 18:41:04 [notice] 30#30: exiting
2024/05/14 18:41:04 [notice] 31#31: gracefully shutting down
2024/05/14 18:41:04 [notice] 31#31: exiting
2024/05/14 18:41:04 [notice] 29#29: exit
2024/05/14 18:41:04 [notice] 32#32: exiting
2024/05/14 18:41:04 [notice] 32#32: exit
2024/05/14 18:41:04 [notice] 30#30: exit
2024/05/14 18:41:04 [notice] 31#31: exit
2024/05/14 18:41:04 [notice] 1#1: signal 17 (SIGCHLD) received from 29
2024/05/14 18:41:04 [notice] 1#1: worker process 29 exited with code 0
2024/05/14 18:41:04 [notice] 1#1: signal 29 (SIGIO) received
2024/05/14 18:41:04 [notice] 1#1: signal 17 (SIGCHLD) received from 30
2024/05/14 18:41:04 [notice] 1#1: worker process 30 exited with code 0
2024/05/14 18:41:04 [notice] 1#1: worker process 32 exited with code 0
2024/05/14 18:41:04 [notice] 1#1: signal 29 (SIGIO) received
2024/05/14 18:41:04 [notice] 1#1: signal 17 (SIGCHLD) received from 32
2024/05/14 18:41:04 [notice] 1#1: worker process 31 exited with code 0
2024/05/14 18:41:04 [notice] 1#1: exit
2024/05/14 18:41:51 [notice] 1#1: using the "epoll" event method
2024/05/14 18:41:51 [notice] 1#1: nginx/1.25.5
2024/05/14 18:41:51 [notice] 1#1: built by gcc 13.2.1 20231014 (Alpine 13.2.1_git20231014) 
2024/05/14 18:41:51 [notice] 1#1: OS: Linux 5.15.49-linuxkit
2024/05/14 18:41:51 [notice] 1#1: getrlimit(RLIMIT_NOFILE): 1048576:1048576
2024/05/14 18:41:51 [notice] 1#1: start worker processes
2024/05/14 18:41:51 [notice] 1#1: start worker process 30
2024/05/14 18:41:51 [notice] 1#1: start worker process 31
2024/05/14 18:41:51 [notice] 1#1: start worker process 32
2024/05/14 18:41:51 [notice] 1#1: start worker process 33
2024/05/14 18:49:47 [notice] 1#1: signal 3 (SIGQUIT) received, shutting down
2024/05/14 18:49:47 [notice] 30#30: gracefully shutting down
2024/05/14 18:49:47 [notice] 31#31: gracefully shutting down
2024/05/14 18:49:47 [notice] 32#32: gracefully shutting down
2024/05/14 18:49:47 [notice] 32#32: exiting
2024/05/14 18:49:47 [notice] 33#33: gracefully shutting down
2024/05/14 18:49:47 [notice] 30#30: exiting
2024/05/14 18:49:47 [notice] 31#31: exiting
2024/05/14 18:49:47 [notice] 31#31: exit
2024/05/14 18:49:47 [notice] 32#32: exit
2024/05/14 18:49:47 [notice] 33#33: exiting
2024/05/14 18:49:47 [notice] 30#30: exit
2024/05/14 18:49:47 [notice] 33#33: exit
2024/05/14 18:49:47 [notice] 1#1: signal 17 (SIGCHLD) received from 30
2024/05/14 18:49:47 [notice] 1#1: worker process 30 exited with code 0
2024/05/14 18:49:47 [notice] 1#1: worker process 31 exited with code 0
2024/05/14 18:49:47 [notice] 1#1: signal 29 (SIGIO) received
2024/05/14 18:49:47 [notice] 1#1: signal 17 (SIGCHLD) received from 33
2024/05/14 18:49:47 [notice] 1#1: worker process 33 exited with code 0
2024/05/14 18:49:47 [notice] 1#1: signal 29 (SIGIO) received
2024/05/14 18:49:47 [notice] 1#1: signal 17 (SIGCHLD) received from 32
2024/05/14 18:49:47 [notice] 1#1: worker process 32 exited with code 0
2024/05/14 18:49:47 [notice] 1#1: exit
2024/05/14 18:49:51 [notice] 1#1: using the "epoll" event method
2024/05/14 18:49:51 [notice] 1#1: nginx/1.25.5
2024/05/14 18:49:51 [notice] 1#1: built by gcc 13.2.1 20231014 (Alpine 13.2.1_git20231014) 
2024/05/14 18:49:51 [notice] 1#1: OS: Linux 5.15.49-linuxkit
2024/05/14 18:49:51 [notice] 1#1: getrlimit(RLIMIT_NOFILE): 1048576:1048576
2024/05/14 18:49:51 [notice] 1#1: start worker processes
2024/05/14 18:49:51 [notice] 1#1: start worker process 29
2024/05/14 18:49:51 [notice] 1#1: start worker process 30
2024/05/14 18:49:51 [notice] 1#1: start worker process 31
2024/05/14 18:49:51 [notice] 1#1: start worker process 32
2024/05/14 18:52:11 [notice] 1#1: signal 3 (SIGQUIT) received, shutting down
2024/05/14 18:52:11 [notice] 31#31: gracefully shutting down
2024/05/14 18:52:11 [notice] 29#29: gracefully shutting down
2024/05/14 18:52:11 [notice] 32#32: gracefully shutting down
2024/05/14 18:52:11 [notice] 30#30: gracefully shutting down
2024/05/14 18:52:11 [notice] 31#31: exiting
2024/05/14 18:52:11 [notice] 29#29: exiting
2024/05/14 18:52:11 [notice] 32#32: exiting
2024/05/14 18:52:11 [notice] 30#30: exiting
2024/05/14 18:52:11 [notice] 31#31: exit
2024/05/14 18:52:11 [notice] 29#29: exit
2024/05/14 18:52:11 [notice] 32#32: exit
2024/05/14 18:52:11 [notice] 30#30: exit
2024/05/14 18:52:11 [notice] 1#1: signal 17 (SIGCHLD) received from 31
2024/05/14 18:52:11 [notice] 1#1: worker process 31 exited with code 0
2024/05/14 18:52:11 [notice] 1#1: signal 29 (SIGIO) received
2024/05/14 18:52:11 [notice] 1#1: signal 17 (SIGCHLD) received from 30
2024/05/14 18:52:11 [notice] 1#1: worker process 30 exited with code 0
2024/05/14 18:52:11 [notice] 1#1: worker process 32 exited with code 0
2024/05/14 18:52:11 [notice] 1#1: signal 17 (SIGCHLD) received from 32
2024/05/14 18:52:11 [notice] 1#1: worker process 29 exited with code 0
2024/05/14 18:52:11 [notice] 1#1: exit
2024/05/14 18:52:25 [notice] 1#1: using the "epoll" event method
2024/05/14 18:52:25 [notice] 1#1: nginx/1.25.5
2024/05/14 18:52:25 [notice] 1#1: built by gcc 13.2.1 20231014 (Alpine 13.2.1_git20231014) 
2024/05/14 18:52:25 [notice] 1#1: OS: Linux 5.15.49-linuxkit
2024/05/14 18:52:25 [notice] 1#1: getrlimit(RLIMIT_NOFILE): 1048576:1048576
2024/05/14 18:52:25 [notice] 1#1: start worker processes
2024/05/14 18:52:25 [notice] 1#1: start worker process 28
2024/05/14 18:52:25 [notice] 1#1: start worker process 29
2024/05/14 18:52:25 [notice] 1#1: start worker process 30
2024/05/14 18:52:25 [notice] 1#1: start worker process 31
2024/05/14 18:53:53 [notice] 1#1: signal 3 (SIGQUIT) received, shutting down
2024/05/14 18:53:53 [notice] 28#28: gracefully shutting down
2024/05/14 18:53:53 [notice] 30#30: gracefully shutting down
2024/05/14 18:53:53 [notice] 29#29: gracefully shutting down
2024/05/14 18:53:53 [notice] 31#31: gracefully shutting down
2024/05/14 18:53:53 [notice] 31#31: exiting
2024/05/14 18:53:53 [notice] 28#28: exiting
2024/05/14 18:53:53 [notice] 30#30: exiting
2024/05/14 18:53:53 [notice] 28#28: exit
2024/05/14 18:53:53 [notice] 29#29: exiting
2024/05/14 18:53:53 [notice] 30#30: exit
2024/05/14 18:53:53 [notice] 31#31: exit
2024/05/14 18:53:53 [notice] 29#29: exit
2024/05/14 18:53:53 [notice] 1#1: signal 17 (SIGCHLD) received from 28
2024/05/14 18:53:53 [notice] 1#1: worker process 28 exited with code 0
2024/05/14 18:53:53 [notice] 1#1: signal 29 (SIGIO) received
2024/05/14 18:53:53 [notice] 1#1: signal 17 (SIGCHLD) received from 30
2024/05/14 18:53:53 [notice] 1#1: worker process 30 exited with code 0
2024/05/14 18:53:53 [notice] 1#1: worker process 29 exited with code 0
2024/05/14 18:53:53 [notice] 1#1: worker process 31 exited with code 0
2024/05/14 18:53:53 [notice] 1#1: exit
2024/05/14 18:54:11 [notice] 1#1: using the "epoll" event method
2024/05/14 18:54:11 [notice] 1#1: nginx/1.25.5
2024/05/14 18:54:11 [notice] 1#1: built by gcc 13.2.1 20231014 (Alpine 13.2.1_git20231014) 
2024/05/14 18:54:11 [notice] 1#1: OS: Linux 5.15.49-linuxkit
2024/05/14 18:54:11 [notice] 1#1: getrlimit(RLIMIT_NOFILE): 1048576:1048576
2024/05/14 18:54:11 [notice] 1#1: start worker processes
2024/05/14 18:54:11 [notice] 1#1: start worker process 29
2024/05/14 18:54:11 [notice] 1#1: start worker process 30
2024/05/14 18:54:11 [notice] 1#1: start worker process 31
2024/05/14 18:54:11 [notice] 1#1: start worker process 32
2024/05/14 18:57:40 [notice] 1#1: signal 3 (SIGQUIT) received, shutting down
2024/05/14 18:57:40 [notice] 30#30: gracefully shutting down
2024/05/14 18:57:40 [notice] 30#30: exiting
2024/05/14 18:57:40 [notice] 32#32: gracefully shutting down
2024/05/14 18:57:40 [notice] 32#32: exiting
2024/05/14 18:57:40 [notice] 29#29: gracefully shutting down
2024/05/14 18:57:40 [notice] 29#29: exiting
2024/05/14 18:57:40 [notice] 31#31: gracefully shutting down
2024/05/14 18:57:40 [notice] 30#30: exit
2024/05/14 18:57:40 [notice] 32#32: exit
2024/05/14 18:57:40 [notice] 29#29: exit
2024/05/14 18:57:40 [notice] 31#31: exiting
2024/05/14 18:57:40 [notice] 31#31: exit
2024/05/14 18:57:40 [notice] 1#1: signal 17 (SIGCHLD) received from 30
2024/05/14 18:57:40 [notice] 1#1: worker process 30 exited with code 0
2024/05/14 18:57:40 [notice] 1#1: signal 29 (SIGIO) received
2024/05/14 18:57:40 [notice] 1#1: signal 17 (SIGCHLD) received from 29
2024/05/14 18:57:40 [notice] 1#1: worker process 29 exited with code 0
2024/05/14 18:57:40 [notice] 1#1: signal 17 (SIGCHLD) received from 31
2024/05/14 18:57:40 [notice] 1#1: worker process 31 exited with code 0
2024/05/14 18:57:40 [notice] 1#1: worker process 32 exited with code 0
2024/05/14 18:57:40 [notice] 1#1: exit
2024/05/14 18:57:47 [notice] 1#1: using the "epoll" event method
2024/05/14 18:57:47 [notice] 1#1: nginx/1.25.5
2024/05/14 18:57:47 [notice] 1#1: built by gcc 13.2.1 20231014 (Alpine 13.2.1_git20231014) 
2024/05/14 18:57:47 [notice] 1#1: OS: Linux 5.15.49-linuxkit
2024/05/14 18:57:47 [notice] 1#1: getrlimit(RLIMIT_NOFILE): 1048576:1048576
2024/05/14 18:57:47 [notice] 1#1: start worker processes
2024/05/14 18:57:47 [notice] 1#1: start worker process 29
2024/05/14 18:57:47 [notice] 1#1: start worker process 30
2024/05/14 18:57:47 [notice] 1#1: start worker process 31
2024/05/14 18:57:47 [notice] 1#1: start worker process 32
2024/05/14 18:59:52 [notice] 1#1: signal 3 (SIGQUIT) received, shutting down
2024/05/14 18:59:52 [notice] 30#30: gracefully shutting down
2024/05/14 18:59:52 [notice] 31#31: gracefully shutting down
2024/05/14 18:59:52 [notice] 29#29: gracefully shutting down
2024/05/14 18:59:52 [notice] 32#32: gracefully shutting down
2024/05/14 18:59:52 [notice] 30#30: exiting
2024/05/14 18:59:52 [notice] 31#31: exiting
2024/05/14 18:59:52 [notice] 31#31: exit
2024/05/14 18:59:52 [notice] 29#29: exiting
2024/05/14 18:59:52 [notice] 32#32: exiting
2024/05/14 18:59:52 [notice] 30#30: exit
2024/05/14 18:59:52 [notice] 29#29: exit
2024/05/14 18:59:52 [notice] 32#32: exit
2024/05/14 18:59:52 [notice] 1#1: signal 17 (SIGCHLD) received from 31
2024/05/14 18:59:52 [notice] 1#1: worker process 31 exited with code 0
2024/05/14 18:59:52 [notice] 1#1: worker process 30 exited with code 0
2024/05/14 18:59:52 [notice] 1#1: signal 29 (SIGIO) received
2024/05/14 18:59:52 [notice] 1#1: signal 17 (SIGCHLD) received from 30
2024/05/14 18:59:52 [notice] 1#1: worker process 29 exited with code 0
2024/05/14 18:59:52 [notice] 1#1: signal 29 (SIGIO) received
2024/05/14 18:59:52 [notice] 1#1: signal 17 (SIGCHLD) received from 29
2024/05/14 18:59:52 [notice] 1#1: worker process 32 exited with code 0
2024/05/14 18:59:52 [notice] 1#1: exit
2024/05/14 19:00:34 [notice] 1#1: using the "epoll" event method
2024/05/14 19:00:34 [notice] 1#1: nginx/1.25.5
2024/05/14 19:00:34 [notice] 1#1: built by gcc 13.2.1 20231014 (Alpine 13.2.1_git20231014) 
2024/05/14 19:00:34 [notice] 1#1: OS: Linux 5.15.49-linuxkit
2024/05/14 19:00:34 [notice] 1#1: getrlimit(RLIMIT_NOFILE): 1048576:1048576
2024/05/14 19:00:34 [notice] 1#1: start worker processes
2024/05/14 19:00:34 [notice] 1#1: start worker process 29
2024/05/14 19:00:34 [notice] 1#1: start worker process 30
2024/05/14 19:00:34 [notice] 1#1: start worker process 31
2024/05/14 19:00:34 [notice] 1#1: start worker process 32
2024/05/14 19:04:11 [notice] 1#1: signal 3 (SIGQUIT) received, shutting down
2024/05/14 19:04:11 [notice] 30#30: gracefully shutting down
2024/05/14 19:04:11 [notice] 31#31: gracefully shutting down
2024/05/14 19:04:11 [notice] 32#32: gracefully shutting down
2024/05/14 19:04:11 [notice] 32#32: exiting
2024/05/14 19:04:11 [notice] 29#29: gracefully shutting down
2024/05/14 19:04:11 [notice] 29#29: exiting
2024/05/14 19:04:11 [notice] 30#30: exiting
2024/05/14 19:04:11 [notice] 30#30: exit
2024/05/14 19:04:11 [notice] 31#31: exiting
2024/05/14 19:04:11 [notice] 31#31: exit
2024/05/14 19:04:11 [notice] 32#32: exit
2024/05/14 19:04:11 [notice] 29#29: exit
2024/05/14 19:04:11 [notice] 1#1: signal 17 (SIGCHLD) received from 30
2024/05/14 19:04:11 [notice] 1#1: worker process 30 exited with code 0
2024/05/14 19:04:11 [notice] 1#1: signal 29 (SIGIO) received
2024/05/14 19:04:11 [notice] 1#1: signal 17 (SIGCHLD) received from 31
2024/05/14 19:04:11 [notice] 1#1: worker process 31 exited with code 0
2024/05/14 19:04:11 [notice] 1#1: signal 29 (SIGIO) received
2024/05/14 19:04:11 [notice] 1#1: signal 17 (SIGCHLD) received from 32
2024/05/14 19:04:11 [notice] 1#1: worker process 32 exited with code 0
2024/05/14 19:04:11 [notice] 1#1: signal 29 (SIGIO) received
2024/05/14 19:04:11 [notice] 1#1: signal 17 (SIGCHLD) received from 29
2024/05/14 19:04:11 [notice] 1#1: worker process 29 exited with code 0
2024/05/14 19:04:11 [notice] 1#1: exit
2024/05/14 19:04:45 [notice] 1#1: using the "epoll" event method
2024/05/14 19:04:45 [notice] 1#1: nginx/1.25.5
2024/05/14 19:04:45 [notice] 1#1: built by gcc 13.2.1 20231014 (Alpine 13.2.1_git20231014) 
2024/05/14 19:04:45 [notice] 1#1: OS: Linux 5.15.49-linuxkit
2024/05/14 19:04:45 [notice] 1#1: getrlimit(RLIMIT_NOFILE): 1048576:1048576
2024/05/14 19:04:45 [notice] 1#1: start worker processes
2024/05/14 19:04:45 [notice] 1#1: start worker process 29
2024/05/14 19:04:45 [notice] 1#1: start worker process 30
2024/05/14 19:04:45 [notice] 1#1: start worker process 31
2024/05/14 19:04:45 [notice] 1#1: start worker process 32
2024/05/14 19:06:12 [notice] 1#1: signal 3 (SIGQUIT) received, shutting down
2024/05/14 19:06:12 [notice] 30#30: gracefully shutting down
2024/05/14 19:06:12 [notice] 30#30: exiting
2024/05/14 19:06:12 [notice] 29#29: gracefully shutting down
2024/05/14 19:06:12 [notice] 29#29: exiting
2024/05/14 19:06:12 [notice] 31#31: gracefully shutting down
2024/05/14 19:06:12 [notice] 32#32: gracefully shutting down
2024/05/14 19:06:12 [notice] 30#30: exit
2024/05/14 19:06:12 [notice] 29#29: exit
2024/05/14 19:06:12 [notice] 31#31: exiting
2024/05/14 19:06:12 [notice] 31#31: exit
2024/05/14 19:06:12 [notice] 32#32: exiting
2024/05/14 19:06:12 [notice] 32#32: exit
2024/05/14 19:06:12 [notice] 1#1: signal 17 (SIGCHLD) received from 29
2024/05/14 19:06:12 [notice] 1#1: worker process 29 exited with code 0
2024/05/14 19:06:12 [notice] 1#1: signal 29 (SIGIO) received
2024/05/14 19:06:12 [notice] 1#1: signal 17 (SIGCHLD) received from 30
2024/05/14 19:06:12 [notice] 1#1: worker process 30 exited with code 0
2024/05/14 19:06:12 [notice] 1#1: signal 29 (SIGIO) received
2024/05/14 19:06:12 [notice] 1#1: signal 17 (SIGCHLD) received from 32
2024/05/14 19:06:12 [notice] 1#1: worker process 31 exited with code 0
2024/05/14 19:06:12 [notice] 1#1: worker process 32 exited with code 0
2024/05/14 19:06:12 [notice] 1#1: exit
2024/05/14 19:06:28 [notice] 1#1: using the "epoll" event method
2024/05/14 19:06:28 [notice] 1#1: nginx/1.25.5
2024/05/14 19:06:28 [notice] 1#1: built by gcc 13.2.1 20231014 (Alpine 13.2.1_git20231014) 
2024/05/14 19:06:28 [notice] 1#1: OS: Linux 5.15.49-linuxkit
2024/05/14 19:06:28 [notice] 1#1: getrlimit(RLIMIT_NOFILE): 1048576:1048576
2024/05/14 19:06:28 [notice] 1#1: start worker processes
2024/05/14 19:06:28 [notice] 1#1: start worker process 29
2024/05/14 19:06:28 [notice] 1#1: start worker process 30
2024/05/14 19:06:28 [notice] 1#1: start worker process 31
2024/05/14 19:06:28 [notice] 1#1: start worker process 32
2024/05/14 19:08:33 [notice] 1#1: signal 3 (SIGQUIT) received, shutting down
2024/05/14 19:08:33 [notice] 29#29: gracefully shutting down
2024/05/14 19:08:33 [notice] 30#30: gracefully shutting down
2024/05/14 19:08:33 [notice] 32#32: gracefully shutting down
2024/05/14 19:08:33 [notice] 31#31: gracefully shutting down
2024/05/14 19:08:33 [notice] 31#31: exiting
2024/05/14 19:08:33 [notice] 29#29: exiting
2024/05/14 19:08:33 [notice] 29#29: exit
2024/05/14 19:08:33 [notice] 30#30: exiting
2024/05/14 19:08:33 [notice] 32#32: exiting
2024/05/14 19:08:33 [notice] 31#31: exit
2024/05/14 19:08:33 [notice] 32#32: exit
2024/05/14 19:08:33 [notice] 30#30: exit
2024/05/14 19:08:33 [notice] 1#1: signal 17 (SIGCHLD) received from 32
2024/05/14 19:08:33 [notice] 1#1: worker process 32 exited with code 0
2024/05/14 19:08:33 [notice] 1#1: worker process 29 exited with code 0
2024/05/14 19:08:33 [notice] 1#1: worker process 31 exited with code 0
2024/05/14 19:08:33 [notice] 1#1: signal 17 (SIGCHLD) received from 29
2024/05/14 19:08:33 [notice] 1#1: worker process 30 exited with code 0
2024/05/14 19:08:33 [notice] 1#1: exit
2024/05/14 19:09:00 [notice] 1#1: using the "epoll" event method
2024/05/14 19:09:00 [notice] 1#1: nginx/1.25.5
2024/05/14 19:09:00 [notice] 1#1: built by gcc 13.2.1 20231014 (Alpine 13.2.1_git20231014) 
2024/05/14 19:09:00 [notice] 1#1: OS: Linux 5.15.49-linuxkit
2024/05/14 19:09:00 [notice] 1#1: getrlimit(RLIMIT_NOFILE): 1048576:1048576
2024/05/14 19:09:00 [notice] 1#1: start worker processes
2024/05/14 19:09:00 [notice] 1#1: start worker process 29
2024/05/14 19:09:00 [notice] 1#1: start worker process 30
2024/05/14 19:09:00 [notice] 1#1: start worker process 31
2024/05/14 19:09:00 [notice] 1#1: start worker process 32
2024/05/14 19:11:04 [notice] 1#1: signal 3 (SIGQUIT) received, shutting down
2024/05/14 19:11:04 [notice] 31#31: gracefully shutting down
2024/05/14 19:11:04 [notice] 30#30: gracefully shutting down
2024/05/14 19:11:04 [notice] 30#30: exiting
2024/05/14 19:11:04 [notice] 29#29: gracefully shutting down
2024/05/14 19:11:04 [notice] 29#29: exiting
2024/05/14 19:11:04 [notice] 32#32: gracefully shutting down
2024/05/14 19:11:04 [notice] 31#31: exiting
2024/05/14 19:11:04 [notice] 30#30: exit
2024/05/14 19:11:04 [notice] 29#29: exit
2024/05/14 19:11:04 [notice] 32#32: exiting
2024/05/14 19:11:04 [notice] 31#31: exit
2024/05/14 19:11:04 [notice] 32#32: exit
2024/05/14 19:11:04 [notice] 1#1: signal 17 (SIGCHLD) received from 29
2024/05/14 19:11:04 [notice] 1#1: worker process 29 exited with code 0
2024/05/14 19:11:04 [notice] 1#1: signal 29 (SIGIO) received
2024/05/14 19:11:04 [notice] 1#1: signal 17 (SIGCHLD) received from 30
2024/05/14 19:11:04 [notice] 1#1: worker process 30 exited with code 0
2024/05/14 19:11:04 [notice] 1#1: worker process 31 exited with code 0
2024/05/14 19:11:04 [notice] 1#1: signal 29 (SIGIO) received
2024/05/14 19:11:04 [notice] 1#1: signal 17 (SIGCHLD) received from 32
2024/05/14 19:11:04 [notice] 1#1: worker process 32 exited with code 0
2024/05/14 19:11:04 [notice] 1#1: exit
2024/05/14 19:11:05 [notice] 1#1: using the "epoll" event method
2024/05/14 19:11:05 [notice] 1#1: nginx/1.25.5
2024/05/14 19:11:05 [notice] 1#1: built by gcc 13.2.1 20231014 (Alpine 13.2.1_git20231014) 
2024/05/14 19:11:05 [notice] 1#1: OS: Linux 5.15.49-linuxkit
2024/05/14 19:11:05 [notice] 1#1: getrlimit(RLIMIT_NOFILE): 1048576:1048576
2024/05/14 19:11:05 [notice] 1#1: start worker processes
2024/05/14 19:11:05 [notice] 1#1: start worker process 29
2024/05/14 19:11:05 [notice] 1#1: start worker process 30
2024/05/14 19:11:05 [notice] 1#1: start worker process 31
2024/05/14 19:11:05 [notice] 1#1: start worker process 32
2024/05/14 19:18:21 [notice] 1#1: signal 15 (SIGTERM) received, exiting
2024/05/14 19:23:09 [emerg] 1#1: host not found in upstream "php" in /etc/nginx/conf.d/default.conf:18
2024/05/14 19:23:11 [notice] 1#1: using the "epoll" event method
2024/05/14 19:23:11 [notice] 1#1: nginx/1.25.5
2024/05/14 19:23:11 [notice] 1#1: built by gcc 13.2.1 20231014 (Alpine 13.2.1_git20231014) 
2024/05/14 19:23:11 [notice] 1#1: OS: Linux 5.15.49-linuxkit
2024/05/14 19:23:11 [notice] 1#1: getrlimit(RLIMIT_NOFILE): 1048576:1048576
2024/05/14 19:23:11 [notice] 1#1: start worker processes
2024/05/14 19:23:11 [notice] 1#1: start worker process 30
2024/05/14 19:23:11 [notice] 1#1: start worker process 31
2024/05/14 19:23:11 [notice] 1#1: start worker process 32
2024/05/14 19:23:11 [notice] 1#1: start worker process 33
2024/05/14 19:34:37 [notice] 1#1: signal 3 (SIGQUIT) received, shutting down
2024/05/14 19:34:37 [notice] 31#31: gracefully shutting down
2024/05/14 19:34:37 [notice] 31#31: exiting
2024/05/14 19:34:37 [notice] 30#30: gracefully shutting down
2024/05/14 19:34:37 [notice] 33#33: gracefully shutting down
2024/05/14 19:34:37 [notice] 32#32: gracefully shutting down
2024/05/14 19:34:37 [notice] 31#31: exit
2024/05/14 19:34:37 [notice] 30#30: exiting
2024/05/14 19:34:37 [notice] 33#33: exiting
2024/05/14 19:34:37 [notice] 33#33: exit
2024/05/14 19:34:37 [notice] 32#32: exiting
2024/05/14 19:34:37 [notice] 30#30: exit
2024/05/14 19:34:37 [notice] 32#32: exit
2024/05/14 19:34:37 [notice] 1#1: signal 17 (SIGCHLD) received from 31
2024/05/14 19:34:37 [notice] 1#1: worker process 31 exited with code 0
2024/05/14 19:34:37 [notice] 1#1: signal 29 (SIGIO) received
2024/05/14 19:34:37 [notice] 1#1: signal 17 (SIGCHLD) received from 33
2024/05/14 19:34:37 [notice] 1#1: worker process 30 exited with code 0
2024/05/14 19:34:37 [notice] 1#1: worker process 33 exited with code 0
2024/05/14 19:34:37 [notice] 1#1: signal 29 (SIGIO) received
2024/05/14 19:34:37 [notice] 1#1: signal 17 (SIGCHLD) received from 32
2024/05/14 19:34:37 [notice] 1#1: worker process 32 exited with code 0
2024/05/14 19:34:37 [notice] 1#1: exit
2024/05/14 19:34:38 [notice] 1#1: using the "epoll" event method
2024/05/14 19:34:38 [notice] 1#1: nginx/1.25.5
2024/05/14 19:34:38 [notice] 1#1: built by gcc 13.2.1 20231014 (Alpine 13.2.1_git20231014) 
2024/05/14 19:34:38 [notice] 1#1: OS: Linux 5.15.49-linuxkit
2024/05/14 19:34:38 [notice] 1#1: getrlimit(RLIMIT_NOFILE): 1048576:1048576
2024/05/14 19:34:38 [notice] 1#1: start worker processes
2024/05/14 19:34:38 [notice] 1#1: start worker process 29
2024/05/14 19:34:38 [notice] 1#1: start worker process 30
2024/05/14 19:34:38 [notice] 1#1: start worker process 31
2024/05/14 19:34:38 [notice] 1#1: start worker process 32
2024/05/14 19:34:53 [notice] 1#1: signal 3 (SIGQUIT) received, shutting down
2024/05/14 19:34:53 [notice] 29#29: gracefully shutting down
2024/05/14 19:34:53 [notice] 30#30: gracefully shutting down
2024/05/14 19:34:53 [notice] 31#31: gracefully shutting down
2024/05/14 19:34:53 [notice] 32#32: gracefully shutting down
2024/05/14 19:34:53 [notice] 29#29: exiting
2024/05/14 19:34:53 [notice] 30#30: exiting
2024/05/14 19:34:53 [notice] 30#30: exit
2024/05/14 19:34:53 [notice] 31#31: exiting
2024/05/14 19:34:53 [notice] 31#31: exit
2024/05/14 19:34:53 [notice] 32#32: exiting
2024/05/14 19:34:53 [notice] 29#29: exit
2024/05/14 19:34:53 [notice] 32#32: exit
2024/05/14 19:34:53 [notice] 1#1: signal 17 (SIGCHLD) received from 31
2024/05/14 19:34:53 [notice] 1#1: worker process 31 exited with code 0
2024/05/14 19:34:53 [notice] 1#1: signal 29 (SIGIO) received
2024/05/14 19:34:53 [notice] 1#1: signal 17 (SIGCHLD) received from 30
2024/05/14 19:34:53 [notice] 1#1: worker process 30 exited with code 0
2024/05/14 19:34:53 [notice] 1#1: signal 29 (SIGIO) received
2024/05/14 19:34:53 [notice] 1#1: signal 17 (SIGCHLD) received from 32
2024/05/14 19:34:53 [notice] 1#1: worker process 32 exited with code 0
2024/05/14 19:34:53 [notice] 1#1: worker process 29 exited with code 0
2024/05/14 19:34:53 [notice] 1#1: exit
2024/05/14 19:34:55 [notice] 1#1: using the "epoll" event method
2024/05/14 19:34:55 [notice] 1#1: nginx/1.25.5
2024/05/14 19:34:55 [notice] 1#1: built by gcc 13.2.1 20231014 (Alpine 13.2.1_git20231014) 
2024/05/14 19:34:55 [notice] 1#1: OS: Linux 5.15.49-linuxkit
2024/05/14 19:34:55 [notice] 1#1: getrlimit(RLIMIT_NOFILE): 1048576:1048576
2024/05/14 19:34:55 [notice] 1#1: start worker processes
2024/05/14 19:34:55 [notice] 1#1: start worker process 29
2024/05/14 19:34:55 [notice] 1#1: start worker process 30
2024/05/14 19:34:55 [notice] 1#1: start worker process 31
2024/05/14 19:34:55 [notice] 1#1: start worker process 32
2024/05/14 19:39:45 [notice] 1#1: signal 3 (SIGQUIT) received, shutting down
2024/05/14 19:39:45 [notice] 29#29: gracefully shutting down
2024/05/14 19:39:45 [notice] 30#30: gracefully shutting down
2024/05/14 19:39:45 [notice] 31#31: gracefully shutting down
2024/05/14 19:39:45 [notice] 31#31: exiting
2024/05/14 19:39:45 [notice] 32#32: gracefully shutting down
2024/05/14 19:39:45 [notice] 32#32: exiting
2024/05/14 19:39:45 [notice] 29#29: exiting
2024/05/14 19:39:45 [notice] 30#30: exiting
2024/05/14 19:39:45 [notice] 31#31: exit
2024/05/14 19:39:45 [notice] 32#32: exit
2024/05/14 19:39:45 [notice] 29#29: exit
2024/05/14 19:39:45 [notice] 30#30: exit
2024/05/14 19:39:45 [notice] 1#1: signal 17 (SIGCHLD) received from 32
2024/05/14 19:39:45 [notice] 1#1: worker process 29 exited with code 0
2024/05/14 19:39:45 [notice] 1#1: worker process 31 exited with code 0
2024/05/14 19:39:45 [notice] 1#1: worker process 32 exited with code 0
2024/05/14 19:39:45 [notice] 1#1: worker process 30 exited with code 0
2024/05/14 19:39:45 [notice] 1#1: exit
2024/05/14 19:40:35 [notice] 1#1: using the "epoll" event method
2024/05/14 19:40:35 [notice] 1#1: nginx/1.25.5
2024/05/14 19:40:35 [notice] 1#1: built by gcc 13.2.1 20231014 (Alpine 13.2.1_git20231014) 
2024/05/14 19:40:35 [notice] 1#1: OS: Linux 5.15.49-linuxkit
2024/05/14 19:40:35 [notice] 1#1: getrlimit(RLIMIT_NOFILE): 1048576:1048576
2024/05/14 19:40:35 [notice] 1#1: start worker processes
2024/05/14 19:40:35 [notice] 1#1: start worker process 29
2024/05/14 19:40:35 [notice] 1#1: start worker process 30
2024/05/14 19:40:35 [notice] 1#1: start worker process 31
2024/05/14 19:40:35 [notice] 1#1: start worker process 32
2024/05/15 11:51:42 [notice] 1#1: signal 3 (SIGQUIT) received, shutting down
2024/05/15 11:51:42 [notice] 30#30: gracefully shutting down
2024/05/15 11:51:42 [notice] 29#29: gracefully shutting down
2024/05/15 11:51:42 [notice] 32#32: gracefully shutting down
2024/05/15 11:51:42 [notice] 29#29: exiting
2024/05/15 11:51:42 [notice] 32#32: exiting
2024/05/15 11:51:42 [notice] 31#31: gracefully shutting down
2024/05/15 11:51:42 [notice] 30#30: exiting
2024/05/15 11:51:42 [notice] 29#29: exit
2024/05/15 11:51:42 [notice] 32#32: exit
2024/05/15 11:51:42 [notice] 31#31: exiting
2024/05/15 11:51:42 [notice] 31#31: exit
2024/05/15 11:51:42 [notice] 30#30: exit
2024/05/15 11:51:42 [notice] 1#1: signal 17 (SIGCHLD) received from 32
2024/05/15 11:51:42 [notice] 1#1: worker process 32 exited with code 0
2024/05/15 11:51:42 [notice] 1#1: signal 29 (SIGIO) received
2024/05/15 11:51:42 [notice] 1#1: signal 17 (SIGCHLD) received from 29
2024/05/15 11:51:42 [notice] 1#1: worker process 29 exited with code 0
2024/05/15 11:51:42 [notice] 1#1: signal 29 (SIGIO) received
2024/05/15 11:51:42 [notice] 1#1: signal 17 (SIGCHLD) received from 30
2024/05/15 11:51:42 [notice] 1#1: worker process 30 exited with code 0
2024/05/15 11:51:42 [notice] 1#1: signal 29 (SIGIO) received
2024/05/15 11:51:42 [notice] 1#1: signal 17 (SIGCHLD) received from 31
2024/05/15 11:51:42 [notice] 1#1: worker process 31 exited with code 0
2024/05/15 11:51:42 [notice] 1#1: exit
2024/05/15 11:51:50 [notice] 1#1: using the "epoll" event method
2024/05/15 11:51:50 [notice] 1#1: nginx/1.25.5
2024/05/15 11:51:50 [notice] 1#1: built by gcc 13.2.1 20231014 (Alpine 13.2.1_git20231014) 
2024/05/15 11:51:50 [notice] 1#1: OS: Linux 5.15.49-linuxkit
2024/05/15 11:51:50 [notice] 1#1: getrlimit(RLIMIT_NOFILE): 1048576:1048576
2024/05/15 11:51:50 [notice] 1#1: start worker processes
2024/05/15 11:51:50 [notice] 1#1: start worker process 29
2024/05/15 11:51:50 [notice] 1#1: start worker process 30
2024/05/15 11:51:50 [notice] 1#1: start worker process 31
2024/05/15 11:51:50 [notice] 1#1: start worker process 32
2024/05/15 11:56:03 [notice] 1#1: signal 3 (SIGQUIT) received, shutting down
2024/05/15 11:56:03 [notice] 30#30: gracefully shutting down
2024/05/15 11:56:03 [notice] 31#31: gracefully shutting down
2024/05/15 11:56:03 [notice] 29#29: gracefully shutting down
2024/05/15 11:56:03 [notice] 32#32: gracefully shutting down
2024/05/15 11:56:03 [notice] 30#30: exiting
2024/05/15 11:56:03 [notice] 31#31: exiting
2024/05/15 11:56:03 [notice] 29#29: exiting
2024/05/15 11:56:03 [notice] 32#32: exiting
2024/05/15 11:56:03 [notice] 32#32: exit
2024/05/15 11:56:03 [notice] 31#31: exit
2024/05/15 11:56:03 [notice] 29#29: exit
2024/05/15 11:56:03 [notice] 30#30: exit
2024/05/15 11:56:03 [notice] 1#1: signal 17 (SIGCHLD) received from 31
2024/05/15 11:56:03 [notice] 1#1: worker process 31 exited with code 0
2024/05/15 11:56:03 [notice] 1#1: worker process 32 exited with code 0
2024/05/15 11:56:03 [notice] 1#1: signal 29 (SIGIO) received
2024/05/15 11:56:03 [notice] 1#1: signal 17 (SIGCHLD) received from 32
2024/05/15 11:56:03 [notice] 1#1: signal 17 (SIGCHLD) received from 30
2024/05/15 11:56:03 [notice] 1#1: worker process 29 exited with code 0
2024/05/15 11:56:03 [notice] 1#1: worker process 30 exited with code 0
2024/05/15 11:56:03 [notice] 1#1: exit
2024/05/15 12:00:16 [notice] 1#1: using the "epoll" event method
2024/05/15 12:00:16 [notice] 1#1: nginx/1.25.5
2024/05/15 12:00:16 [notice] 1#1: built by gcc 13.2.1 20231014 (Alpine 13.2.1_git20231014) 
2024/05/15 12:00:16 [notice] 1#1: OS: Linux 5.15.49-linuxkit
2024/05/15 12:00:16 [notice] 1#1: getrlimit(RLIMIT_NOFILE): 1048576:1048576
2024/05/15 12:00:16 [notice] 1#1: start worker processes
2024/05/15 12:00:16 [notice] 1#1: start worker process 28
2024/05/15 12:00:16 [notice] 1#1: start worker process 29
2024/05/15 12:00:16 [notice] 1#1: start worker process 30
2024/05/15 12:00:16 [notice] 1#1: start worker process 31
2024/05/15 13:39:27 [notice] 1#1: signal 3 (SIGQUIT) received, shutting down
2024/05/15 13:39:27 [notice] 28#28: gracefully shutting down
2024/05/15 13:39:27 [notice] 31#31: gracefully shutting down
2024/05/15 13:39:27 [notice] 30#30: gracefully shutting down
2024/05/15 13:39:27 [notice] 29#29: gracefully shutting down
2024/05/15 13:39:27 [notice] 28#28: exiting
2024/05/15 13:39:27 [notice] 31#31: exiting
2024/05/15 13:39:27 [notice] 31#31: exit
2024/05/15 13:39:27 [notice] 29#29: exiting
2024/05/15 13:39:27 [notice] 30#30: exiting
2024/05/15 13:39:27 [notice] 30#30: exit
2024/05/15 13:39:27 [notice] 28#28: exit
2024/05/15 13:39:27 [notice] 29#29: exit
2024/05/15 13:39:27 [notice] 1#1: signal 17 (SIGCHLD) received from 30
2024/05/15 13:39:27 [notice] 1#1: worker process 30 exited with code 0
2024/05/15 13:39:27 [notice] 1#1: signal 29 (SIGIO) received
2024/05/15 13:39:27 [notice] 1#1: signal 17 (SIGCHLD) received from 31
2024/05/15 13:39:27 [notice] 1#1: worker process 31 exited with code 0
2024/05/15 13:39:27 [notice] 1#1: signal 29 (SIGIO) received
2024/05/15 13:39:27 [notice] 1#1: signal 17 (SIGCHLD) received from 28
2024/05/15 13:39:27 [notice] 1#1: worker process 28 exited with code 0
2024/05/15 13:39:27 [notice] 1#1: worker process 29 exited with code 0
2024/05/15 13:39:27 [notice] 1#1: signal 17 (SIGCHLD) received from 29
2024/05/15 13:39:27 [notice] 1#1: exit
2024/05/15 13:40:18 [notice] 1#1: using the "epoll" event method
2024/05/15 13:40:18 [notice] 1#1: nginx/1.25.5
2024/05/15 13:40:18 [notice] 1#1: built by gcc 13.2.1 20231014 (Alpine 13.2.1_git20231014) 
2024/05/15 13:40:18 [notice] 1#1: OS: Linux 5.15.49-linuxkit
2024/05/15 13:40:18 [notice] 1#1: getrlimit(RLIMIT_NOFILE): 1048576:1048576
2024/05/15 13:40:18 [notice] 1#1: start worker processes
2024/05/15 13:40:18 [notice] 1#1: start worker process 30
2024/05/15 13:40:18 [notice] 1#1: start worker process 31
2024/05/15 13:40:18 [notice] 1#1: start worker process 32
2024/05/15 13:40:18 [notice] 1#1: start worker process 33
2024/05/16 15:11:35 [notice] 1#1: signal 3 (SIGQUIT) received, shutting down
2024/05/16 15:11:35 [notice] 30#30: gracefully shutting down
2024/05/16 15:11:35 [notice] 32#32: gracefully shutting down
2024/05/16 15:11:35 [notice] 31#31: gracefully shutting down
2024/05/16 15:11:35 [notice] 33#33: gracefully shutting down
2024/05/16 15:11:35 [notice] 30#30: exiting
2024/05/16 15:11:35 [notice] 32#32: exiting
2024/05/16 15:11:35 [notice] 31#31: exiting
2024/05/16 15:11:35 [notice] 33#33: exiting
2024/05/16 15:11:35 [notice] 32#32: exit
2024/05/16 15:11:35 [notice] 30#30: exit
2024/05/16 15:11:35 [notice] 33#33: exit
2024/05/16 15:11:35 [notice] 31#31: exit
2024/05/16 15:11:35 [notice] 1#1: signal 17 (SIGCHLD) received from 32
2024/05/16 15:11:35 [notice] 1#1: worker process 32 exited with code 0
2024/05/16 15:11:35 [notice] 1#1: signal 29 (SIGIO) received
2024/05/16 15:11:35 [notice] 1#1: signal 17 (SIGCHLD) received from 33
2024/05/16 15:11:35 [notice] 1#1: worker process 30 exited with code 0
2024/05/16 15:11:35 [notice] 1#1: worker process 31 exited with code 0
2024/05/16 15:11:35 [notice] 1#1: worker process 33 exited with code 0
2024/05/16 15:11:35 [notice] 1#1: exit
2024/05/16 15:11:36 [notice] 1#1: using the "epoll" event method
2024/05/16 15:11:36 [notice] 1#1: nginx/1.25.5
2024/05/16 15:11:36 [notice] 1#1: built by gcc 13.2.1 20231014 (Alpine 13.2.1_git20231014) 
2024/05/16 15:11:36 [notice] 1#1: OS: Linux 5.15.49-linuxkit
2024/05/16 15:11:36 [notice] 1#1: getrlimit(RLIMIT_NOFILE): 1048576:1048576
2024/05/16 15:11:36 [notice] 1#1: start worker processes
2024/05/16 15:11:36 [notice] 1#1: start worker process 29
2024/05/16 15:11:36 [notice] 1#1: start worker process 30
2024/05/16 15:11:36 [notice] 1#1: start worker process 31
2024/05/16 15:11:36 [notice] 1#1: start worker process 32
2024/05/16 15:18:53 [notice] 1#1: signal 3 (SIGQUIT) received, shutting down
2024/05/16 15:18:53 [notice] 29#29: gracefully shutting down
2024/05/16 15:18:53 [notice] 30#30: gracefully shutting down
2024/05/16 15:18:53 [notice] 31#31: gracefully shutting down
2024/05/16 15:18:53 [notice] 32#32: gracefully shutting down
2024/05/16 15:18:53 [notice] 29#29: exiting
2024/05/16 15:18:53 [notice] 30#30: exiting
2024/05/16 15:18:53 [notice] 31#31: exiting
2024/05/16 15:18:53 [notice] 32#32: exiting
2024/05/16 15:18:53 [notice] 29#29: exit
2024/05/16 15:18:53 [notice] 30#30: exit
2024/05/16 15:18:53 [notice] 31#31: exit
2024/05/16 15:18:53 [notice] 32#32: exit
2024/05/16 15:18:53 [notice] 1#1: signal 17 (SIGCHLD) received from 29
2024/05/16 15:18:53 [notice] 1#1: worker process 29 exited with code 0
2024/05/16 15:18:53 [notice] 1#1: signal 29 (SIGIO) received
2024/05/16 15:18:53 [notice] 1#1: signal 17 (SIGCHLD) received from 32
2024/05/16 15:18:53 [notice] 1#1: worker process 32 exited with code 0
2024/05/16 15:18:53 [notice] 1#1: signal 29 (SIGIO) received
2024/05/16 15:18:53 [notice] 1#1: signal 17 (SIGCHLD) received from 31
2024/05/16 15:18:53 [notice] 1#1: worker process 31 exited with code 0
2024/05/16 15:18:53 [notice] 1#1: signal 29 (SIGIO) received
2024/05/16 15:18:53 [notice] 1#1: signal 17 (SIGCHLD) received from 30
2024/05/16 15:18:53 [notice] 1#1: worker process 30 exited with code 0
2024/05/16 15:18:53 [notice] 1#1: exit
2024/05/16 15:18:54 [notice] 1#1: using the "epoll" event method
2024/05/16 15:18:54 [notice] 1#1: nginx/1.25.5
2024/05/16 15:18:54 [notice] 1#1: built by gcc 13.2.1 20231014 (Alpine 13.2.1_git20231014) 
2024/05/16 15:18:54 [notice] 1#1: OS: Linux 5.15.49-linuxkit
2024/05/16 15:18:54 [notice] 1#1: getrlimit(RLIMIT_NOFILE): 1048576:1048576
2024/05/16 15:18:54 [notice] 1#1: start worker processes
2024/05/16 15:18:54 [notice] 1#1: start worker process 29
2024/05/16 15:18:54 [notice] 1#1: start worker process 30
2024/05/16 15:18:54 [notice] 1#1: start worker process 31
2024/05/16 15:18:54 [notice] 1#1: start worker process 32
2024/05/16 15:19:23 [notice] 1#1: signal 3 (SIGQUIT) received, shutting down
2024/05/16 15:19:23 [notice] 31#31: gracefully shutting down
2024/05/16 15:19:23 [notice] 30#30: gracefully shutting down
2024/05/16 15:19:23 [notice] 29#29: gracefully shutting down
2024/05/16 15:19:23 [notice] 32#32: gracefully shutting down
2024/05/16 15:19:23 [notice] 31#31: exiting
2024/05/16 15:19:23 [notice] 30#30: exiting
2024/05/16 15:19:23 [notice] 29#29: exiting
2024/05/16 15:19:23 [notice] 29#29: exit
2024/05/16 15:19:23 [notice] 31#31: exit
2024/05/16 15:19:23 [notice] 32#32: exiting
2024/05/16 15:19:23 [notice] 30#30: exit
2024/05/16 15:19:23 [notice] 32#32: exit
2024/05/16 15:19:23 [notice] 1#1: signal 17 (SIGCHLD) received from 29
2024/05/16 15:19:23 [notice] 1#1: worker process 29 exited with code 0
2024/05/16 15:19:23 [notice] 1#1: worker process 31 exited with code 0
2024/05/16 15:19:23 [notice] 1#1: worker process 30 exited with code 0
2024/05/16 15:19:23 [notice] 1#1: worker process 32 exited with code 0
2024/05/16 15:19:23 [notice] 1#1: exit
2024/05/16 15:20:11 [notice] 1#1: using the "epoll" event method
2024/05/16 15:20:11 [notice] 1#1: nginx/1.25.5
2024/05/16 15:20:11 [notice] 1#1: built by gcc 13.2.1 20231014 (Alpine 13.2.1_git20231014) 
2024/05/16 15:20:11 [notice] 1#1: OS: Linux 5.15.49-linuxkit
2024/05/16 15:20:11 [notice] 1#1: getrlimit(RLIMIT_NOFILE): 1048576:1048576
2024/05/16 15:20:11 [notice] 1#1: start worker processes
2024/05/16 15:20:11 [notice] 1#1: start worker process 29
2024/05/16 15:20:11 [notice] 1#1: start worker process 30
2024/05/16 15:20:11 [notice] 1#1: start worker process 31
2024/05/16 15:20:11 [notice] 1#1: start worker process 32
2024/05/16 15:35:11 [notice] 1#1: signal 3 (SIGQUIT) received, shutting down
2024/05/16 15:35:11 [notice] 29#29: gracefully shutting down
2024/05/16 15:35:11 [notice] 30#30: gracefully shutting down
2024/05/16 15:35:11 [notice] 31#31: gracefully shutting down
2024/05/16 15:35:12 [notice] 32#32: gracefully shutting down
2024/05/16 15:35:11 [notice] 29#29: exiting
2024/05/16 15:35:11 [notice] 29#29: exit
2024/05/16 15:35:12 [notice] 32#32: exiting
2024/05/16 15:35:11 [notice] 31#31: exiting
2024/05/16 15:35:11 [notice] 31#31: exit
2024/05/16 15:35:12 [notice] 32#32: exit
2024/05/16 15:35:11 [notice] 30#30: exiting
2024/05/16 15:35:11 [notice] 30#30: exit
2024/05/16 15:35:12 [notice] 1#1: signal 17 (SIGCHLD) received from 29
2024/05/16 15:35:12 [notice] 1#1: worker process 29 exited with code 0
2024/05/16 15:35:12 [notice] 1#1: signal 29 (SIGIO) received
2024/05/16 15:35:12 [notice] 1#1: signal 17 (SIGCHLD) received from 32
2024/05/16 15:35:12 [notice] 1#1: worker process 31 exited with code 0
2024/05/16 15:35:12 [notice] 1#1: worker process 32 exited with code 0
2024/05/16 15:35:12 [notice] 1#1: signal 29 (SIGIO) received
2024/05/16 15:35:12 [notice] 1#1: signal 17 (SIGCHLD) received from 31
2024/05/16 15:35:12 [notice] 1#1: worker process 30 exited with code 0
2024/05/16 15:35:12 [notice] 1#1: exit
2024/05/16 15:35:19 [notice] 1#1: using the "epoll" event method
2024/05/16 15:35:19 [notice] 1#1: nginx/1.25.5
2024/05/16 15:35:19 [notice] 1#1: built by gcc 13.2.1 20231014 (Alpine 13.2.1_git20231014) 
2024/05/16 15:35:19 [notice] 1#1: OS: Linux 5.15.49-linuxkit
2024/05/16 15:35:19 [notice] 1#1: getrlimit(RLIMIT_NOFILE): 1048576:1048576
2024/05/16 15:35:19 [notice] 1#1: start worker processes
2024/05/16 15:35:19 [notice] 1#1: start worker process 29
2024/05/16 15:35:19 [notice] 1#1: start worker process 30
2024/05/16 15:35:19 [notice] 1#1: start worker process 31
2024/05/16 15:35:19 [notice] 1#1: start worker process 32
2024/05/16 16:20:34 [notice] 1#1: signal 3 (SIGQUIT) received, shutting down
2024/05/16 16:20:34 [notice] 30#30: gracefully shutting down
2024/05/16 16:20:34 [notice] 29#29: gracefully shutting down
2024/05/16 16:20:34 [notice] 31#31: gracefully shutting down
2024/05/16 16:20:34 [notice] 32#32: gracefully shutting down
2024/05/16 16:20:34 [notice] 30#30: exiting
2024/05/16 16:20:34 [notice] 31#31: exiting
2024/05/16 16:20:34 [notice] 29#29: exiting
2024/05/16 16:20:34 [notice] 32#32: exiting
2024/05/16 16:20:34 [notice] 31#31: exit
2024/05/16 16:20:34 [notice] 30#30: exit
2024/05/16 16:20:34 [notice] 29#29: exit
2024/05/16 16:20:34 [notice] 32#32: exit
2024/05/16 16:20:34 [notice] 1#1: signal 17 (SIGCHLD) received from 30
2024/05/16 16:20:34 [notice] 1#1: worker process 30 exited with code 0
2024/05/16 16:20:34 [notice] 1#1: worker process 29 exited with code 0
2024/05/16 16:20:34 [notice] 1#1: worker process 32 exited with code 0
2024/05/16 16:20:34 [notice] 1#1: signal 29 (SIGIO) received
2024/05/16 16:20:34 [notice] 1#1: signal 17 (SIGCHLD) received from 29
2024/05/16 16:20:34 [notice] 1#1: signal 17 (SIGCHLD) received from 31
2024/05/16 16:20:34 [notice] 1#1: worker process 31 exited with code 0
2024/05/16 16:20:34 [notice] 1#1: exit
2024/05/16 16:20:36 [notice] 1#1: using the "epoll" event method
2024/05/16 16:20:36 [notice] 1#1: nginx/1.25.5
2024/05/16 16:20:36 [notice] 1#1: built by gcc 13.2.1 20231014 (Alpine 13.2.1_git20231014) 
2024/05/16 16:20:36 [notice] 1#1: OS: Linux 5.15.49-linuxkit
2024/05/16 16:20:36 [notice] 1#1: getrlimit(RLIMIT_NOFILE): 1048576:1048576
2024/05/16 16:20:36 [notice] 1#1: start worker processes
2024/05/16 16:20:36 [notice] 1#1: start worker process 29
2024/05/16 16:20:36 [notice] 1#1: start worker process 30
2024/05/16 16:20:36 [notice] 1#1: start worker process 31
2024/05/16 16:20:36 [notice] 1#1: start worker process 32
2024/05/16 16:46:30 [notice] 1#1: signal 3 (SIGQUIT) received, shutting down
2024/05/16 16:46:30 [notice] 30#30: gracefully shutting down
2024/05/16 16:46:30 [notice] 31#31: gracefully shutting down
2024/05/16 16:46:30 [notice] 32#32: gracefully shutting down
2024/05/16 16:46:30 [notice] 31#31: exiting
2024/05/16 16:46:30 [notice] 29#29: gracefully shutting down
2024/05/16 16:46:30 [notice] 30#30: exiting
2024/05/16 16:46:30 [notice] 32#32: exiting
2024/05/16 16:46:30 [notice] 31#31: exit
2024/05/16 16:46:30 [notice] 30#30: exit
2024/05/16 16:46:30 [notice] 29#29: exiting
2024/05/16 16:46:30 [notice] 32#32: exit
2024/05/16 16:46:30 [notice] 29#29: exit
2024/05/16 16:46:30 [notice] 1#1: signal 17 (SIGCHLD) received from 30
2024/05/16 16:46:30 [notice] 1#1: worker process 30 exited with code 0
2024/05/16 16:46:30 [notice] 1#1: signal 29 (SIGIO) received
2024/05/16 16:46:30 [notice] 1#1: signal 17 (SIGCHLD) received from 31
2024/05/16 16:46:30 [notice] 1#1: worker process 31 exited with code 0
2024/05/16 16:46:30 [notice] 1#1: signal 29 (SIGIO) received
2024/05/16 16:46:30 [notice] 1#1: signal 17 (SIGCHLD) received from 32
2024/05/16 16:46:30 [notice] 1#1: worker process 29 exited with code 0
2024/05/16 16:46:30 [notice] 1#1: worker process 32 exited with code 0
2024/05/16 16:46:30 [notice] 1#1: exit
2024/05/16 16:46:31 [notice] 1#1: using the "epoll" event method
2024/05/16 16:46:31 [notice] 1#1: nginx/1.25.5
2024/05/16 16:46:31 [notice] 1#1: built by gcc 13.2.1 20231014 (Alpine 13.2.1_git20231014) 
2024/05/16 16:46:31 [notice] 1#1: OS: Linux 5.15.49-linuxkit
2024/05/16 16:46:31 [notice] 1#1: getrlimit(RLIMIT_NOFILE): 1048576:1048576
2024/05/16 16:46:31 [notice] 1#1: start worker processes
2024/05/16 16:46:31 [notice] 1#1: start worker process 29
2024/05/16 16:46:31 [notice] 1#1: start worker process 30
2024/05/16 16:46:31 [notice] 1#1: start worker process 31
2024/05/16 16:46:31 [notice] 1#1: start worker process 32
2024/05/16 16:47:05 [notice] 1#1: using the "epoll" event method
2024/05/16 16:47:05 [notice] 1#1: nginx/1.25.5
2024/05/16 16:47:05 [notice] 1#1: built by gcc 13.2.1 20231014 (Alpine 13.2.1_git20231014) 
2024/05/16 16:47:05 [notice] 1#1: OS: Linux 5.15.49-linuxkit
2024/05/16 16:47:05 [notice] 1#1: getrlimit(RLIMIT_NOFILE): 1048576:1048576
2024/05/16 16:47:05 [notice] 1#1: start worker processes
2024/05/16 16:47:05 [notice] 1#1: start worker process 29
2024/05/16 16:47:05 [notice] 1#1: start worker process 30
2024/05/16 16:47:05 [notice] 1#1: start worker process 31
2024/05/16 16:47:05 [notice] 1#1: start worker process 32
2024/05/16 16:56:50 [notice] 1#1: using the "epoll" event method
2024/05/16 16:56:50 [notice] 1#1: nginx/1.25.5
2024/05/16 16:56:50 [notice] 1#1: built by gcc 13.2.1 20231014 (Alpine 13.2.1_git20231014) 
2024/05/16 16:56:50 [notice] 1#1: OS: Linux 5.15.49-linuxkit
2024/05/16 16:56:50 [notice] 1#1: getrlimit(RLIMIT_NOFILE): 1048576:1048576
2024/05/16 16:56:50 [notice] 1#1: start worker processes
2024/05/16 16:56:50 [notice] 1#1: start worker process 29
2024/05/16 16:56:50 [notice] 1#1: start worker process 30
2024/05/16 16:56:50 [notice] 1#1: start worker process 31
2024/05/16 16:56:50 [notice] 1#1: start worker process 32
2024/05/16 16:59:05 [notice] 1#1: signal 3 (SIGQUIT) received, shutting down
2024/05/16 16:59:05 [notice] 29#29: gracefully shutting down
2024/05/16 16:59:05 [notice] 32#32: gracefully shutting down
2024/05/16 16:59:05 [notice] 32#32: exiting
2024/05/16 16:59:05 [notice] 30#30: gracefully shutting down
2024/05/16 16:59:05 [notice] 31#31: gracefully shutting down
2024/05/16 16:59:05 [notice] 29#29: exiting
2024/05/16 16:59:05 [notice] 32#32: exit
2024/05/16 16:59:05 [notice] 30#30: exiting
2024/05/16 16:59:05 [notice] 31#31: exiting
2024/05/16 16:59:05 [notice] 29#29: exit
2024/05/16 16:59:05 [notice] 30#30: exit
2024/05/16 16:59:05 [notice] 31#31: exit
2024/05/16 16:59:05 [notice] 1#1: signal 17 (SIGCHLD) received from 32
2024/05/16 16:59:05 [notice] 1#1: worker process 32 exited with code 0
2024/05/16 16:59:05 [notice] 1#1: signal 29 (SIGIO) received
2024/05/16 16:59:05 [notice] 1#1: signal 17 (SIGCHLD) received from 31
2024/05/16 16:59:05 [notice] 1#1: worker process 29 exited with code 0
2024/05/16 16:59:05 [notice] 1#1: worker process 30 exited with code 0
2024/05/16 16:59:05 [notice] 1#1: worker process 31 exited with code 0
2024/05/16 16:59:05 [notice] 1#1: exit
2024/05/16 16:59:06 [notice] 1#1: using the "epoll" event method
2024/05/16 16:59:06 [notice] 1#1: nginx/1.25.5
2024/05/16 16:59:06 [notice] 1#1: built by gcc 13.2.1 20231014 (Alpine 13.2.1_git20231014) 
2024/05/16 16:59:06 [notice] 1#1: OS: Linux 5.15.49-linuxkit
2024/05/16 16:59:06 [notice] 1#1: getrlimit(RLIMIT_NOFILE): 1048576:1048576
2024/05/16 16:59:06 [notice] 1#1: start worker processes
2024/05/16 16:59:06 [notice] 1#1: start worker process 29
2024/05/16 16:59:06 [notice] 1#1: start worker process 30
2024/05/16 16:59:06 [notice] 1#1: start worker process 31
2024/05/16 16:59:06 [notice] 1#1: start worker process 32
2024/05/16 16:59:39 [notice] 1#1: signal 3 (SIGQUIT) received, shutting down
2024/05/16 16:59:39 [notice] 30#30: gracefully shutting down
2024/05/16 16:59:39 [notice] 31#31: gracefully shutting down
2024/05/16 16:59:39 [notice] 29#29: gracefully shutting down
2024/05/16 16:59:39 [notice] 32#32: gracefully shutting down
2024/05/16 16:59:39 [notice] 30#30: exiting
2024/05/16 16:59:39 [notice] 31#31: exiting
2024/05/16 16:59:39 [notice] 29#29: exiting
2024/05/16 16:59:39 [notice] 32#32: exiting
2024/05/16 16:59:39 [notice] 30#30: exit
2024/05/16 16:59:39 [notice] 31#31: exit
2024/05/16 16:59:39 [notice] 29#29: exit
2024/05/16 16:59:39 [notice] 32#32: exit
2024/05/16 16:59:39 [notice] 1#1: signal 17 (SIGCHLD) received from 30
2024/05/16 16:59:39 [notice] 1#1: worker process 30 exited with code 0
2024/05/16 16:59:39 [notice] 1#1: signal 29 (SIGIO) received
2024/05/16 16:59:39 [notice] 1#1: signal 17 (SIGCHLD) received from 32
2024/05/16 16:59:39 [notice] 1#1: worker process 32 exited with code 0
2024/05/16 16:59:39 [notice] 1#1: signal 29 (SIGIO) received
2024/05/16 16:59:39 [notice] 1#1: signal 17 (SIGCHLD) received from 31
2024/05/16 16:59:39 [notice] 1#1: worker process 29 exited with code 0
2024/05/16 16:59:39 [notice] 1#1: worker process 31 exited with code 0
2024/05/16 16:59:39 [notice] 1#1: exit
2024/05/16 16:59:42 [notice] 1#1: using the "epoll" event method
2024/05/16 16:59:42 [notice] 1#1: nginx/1.25.5
2024/05/16 16:59:42 [notice] 1#1: built by gcc 13.2.1 20231014 (Alpine 13.2.1_git20231014) 
2024/05/16 16:59:42 [notice] 1#1: OS: Linux 5.15.49-linuxkit
2024/05/16 16:59:42 [notice] 1#1: getrlimit(RLIMIT_NOFILE): 1048576:1048576
2024/05/16 16:59:42 [notice] 1#1: start worker processes
2024/05/16 16:59:42 [notice] 1#1: start worker process 29
2024/05/16 16:59:42 [notice] 1#1: start worker process 30
2024/05/16 16:59:42 [notice] 1#1: start worker process 31
2024/05/16 16:59:42 [notice] 1#1: start worker process 32
2024/05/16 17:00:00 [notice] 1#1: signal 3 (SIGQUIT) received, shutting down
2024/05/16 17:00:00 [notice] 29#29: gracefully shutting down
2024/05/16 17:00:00 [notice] 30#30: gracefully shutting down
2024/05/16 17:00:00 [notice] 32#32: gracefully shutting down
2024/05/16 17:00:00 [notice] 31#31: gracefully shutting down
2024/05/16 17:00:00 [notice] 29#29: exiting
2024/05/16 17:00:00 [notice] 30#30: exiting
2024/05/16 17:00:00 [notice] 32#32: exiting
2024/05/16 17:00:00 [notice] 32#32: exit
2024/05/16 17:00:00 [notice] 31#31: exiting
2024/05/16 17:00:00 [notice] 31#31: exit
2024/05/16 17:00:00 [notice] 29#29: exit
2024/05/16 17:00:00 [notice] 30#30: exit
2024/05/16 17:00:00 [notice] 1#1: signal 17 (SIGCHLD) received from 29
2024/05/16 17:00:00 [notice] 1#1: worker process 29 exited with code 0
2024/05/16 17:00:00 [notice] 1#1: worker process 30 exited with code 0
2024/05/16 17:00:00 [notice] 1#1: worker process 32 exited with code 0
2024/05/16 17:00:00 [notice] 1#1: worker process 31 exited with code 0
2024/05/16 17:00:00 [notice] 1#1: exit
2024/05/16 17:00:43 [emerg] 1#1: cannot load certificate "/path/to/cert": BIO_new_file() failed (SSL: error:80000002:system library::No such file or directory:calling fopen(/path/to/cert, r) error:10000080:BIO routines::no such file)
2024/05/16 17:01:06 [emerg] 1#1: cannot load certificate "/path/to/cert": BIO_new_file() failed (SSL: error:80000002:system library::No such file or directory:calling fopen(/path/to/cert, r) error:10000080:BIO routines::no such file)
2024/05/16 17:01:40 [emerg] 1#1: no port in upstream "php_processes" in /etc/nginx/conf.d/default.conf:32
2024/05/16 17:01:46 [emerg] 1#1: no port in upstream "php_processes" in /etc/nginx/conf.d/default.conf:32
2024/05/16 17:02:03 [emerg] 1#1: no port in upstream "php_processes" in /etc/nginx/conf.d/default.conf:32
2024/05/16 17:02:06 [emerg] 1#1: no port in upstream "php_processes" in /etc/nginx/conf.d/default.conf:32
2024/05/16 17:02:28 [emerg] 1#1: host not found in upstream "api2" in /etc/nginx/conf.d/default.conf:15
2024/05/16 17:03:07 [notice] 1#1: using the "epoll" event method
2024/05/16 17:03:07 [notice] 1#1: nginx/1.25.5
2024/05/16 17:03:07 [notice] 1#1: built by gcc 13.2.1 20231014 (Alpine 13.2.1_git20231014) 
2024/05/16 17:03:07 [notice] 1#1: OS: Linux 5.15.49-linuxkit
2024/05/16 17:03:07 [notice] 1#1: getrlimit(RLIMIT_NOFILE): 1048576:1048576
2024/05/16 17:03:07 [notice] 1#1: start worker processes
2024/05/16 17:03:07 [notice] 1#1: start worker process 29
2024/05/16 17:03:07 [notice] 1#1: start worker process 30
2024/05/16 17:03:07 [notice] 1#1: start worker process 31
2024/05/16 17:03:07 [notice] 1#1: start worker process 32
2024/05/16 17:03:49 [notice] 1#1: using the "epoll" event method
2024/05/16 17:03:49 [notice] 1#1: nginx/1.25.5
2024/05/16 17:03:49 [notice] 1#1: built by gcc 13.2.1 20231014 (Alpine 13.2.1_git20231014) 
2024/05/16 17:03:49 [notice] 1#1: OS: Linux 5.15.49-linuxkit
2024/05/16 17:03:49 [notice] 1#1: getrlimit(RLIMIT_NOFILE): 1048576:1048576
2024/05/16 17:03:49 [notice] 1#1: start worker processes
2024/05/16 17:03:49 [notice] 1#1: start worker process 29
2024/05/16 17:03:49 [notice] 1#1: start worker process 30
2024/05/16 17:03:49 [notice] 1#1: start worker process 31
2024/05/16 17:03:49 [notice] 1#1: start worker process 32
2024/05/16 17:06:58 [notice] 1#1: using the "epoll" event method
2024/05/16 17:06:58 [notice] 1#1: nginx/1.25.5
2024/05/16 17:06:58 [notice] 1#1: built by gcc 13.2.1 20231014 (Alpine 13.2.1_git20231014) 
2024/05/16 17:06:58 [notice] 1#1: OS: Linux 5.15.49-linuxkit
2024/05/16 17:06:58 [notice] 1#1: getrlimit(RLIMIT_NOFILE): 1048576:1048576
2024/05/16 17:06:58 [notice] 1#1: start worker processes
2024/05/16 17:06:58 [notice] 1#1: start worker process 29
2024/05/16 17:06:58 [notice] 1#1: start worker process 30
2024/05/16 17:06:58 [notice] 1#1: start worker process 31
2024/05/16 17:06:58 [notice] 1#1: start worker process 32
2024/05/16 17:07:03 [crit] 29#29: *1 connect() to unix:/var/run/php-fpm.sock failed (2: No such file or directory) while connecting to upstream, client: 172.20.0.1, server: , request: "GET /sanctum/csrf-cookie HTTP/1.1", upstream: "fastcgi://unix:/var/run/php-fpm.sock:", host: "localhost:8181", referrer: "http://localhost:8080/"
2024/05/16 17:08:42 [emerg] 1#1: duplicate location "/" in /etc/nginx/conf.d/default.conf:11
2024/05/16 17:09:02 [emerg] 1#1: duplicate location "/" in /etc/nginx/conf.d/default.conf:11
2024/05/16 17:09:11 [emerg] 1#1: duplicate location "/" in /etc/nginx/conf.d/default.conf:11
2024/05/16 17:09:15 [emerg] 1#1: duplicate location "/" in /etc/nginx/conf.d/default.conf:11
2024/05/16 17:09:27 [notice] 1#1: using the "epoll" event method
2024/05/16 17:09:27 [notice] 1#1: nginx/1.25.5
2024/05/16 17:09:27 [notice] 1#1: built by gcc 13.2.1 20231014 (Alpine 13.2.1_git20231014) 
2024/05/16 17:09:27 [notice] 1#1: OS: Linux 5.15.49-linuxkit
2024/05/16 17:09:27 [notice] 1#1: getrlimit(RLIMIT_NOFILE): 1048576:1048576
2024/05/16 17:09:27 [notice] 1#1: start worker processes
2024/05/16 17:09:27 [notice] 1#1: start worker process 29
2024/05/16 17:09:27 [notice] 1#1: start worker process 30
2024/05/16 17:09:27 [notice] 1#1: start worker process 31
2024/05/16 17:09:27 [notice] 1#1: start worker process 32
2024/05/16 18:54:10 [notice] 1#1: signal 3 (SIGQUIT) received, shutting down
2024/05/16 18:54:10 [notice] 29#29: gracefully shutting down
2024/05/16 18:54:10 [notice] 31#31: gracefully shutting down
2024/05/16 18:54:10 [notice] 32#32: gracefully shutting down
2024/05/16 18:54:10 [notice] 30#30: gracefully shutting down
2024/05/16 18:54:10 [notice] 29#29: exiting
2024/05/16 18:54:10 [notice] 31#31: exiting
2024/05/16 18:54:10 [notice] 32#32: exiting
2024/05/16 18:54:10 [notice] 30#30: exiting
2024/05/16 18:54:10 [notice] 29#29: exit
2024/05/16 18:54:10 [notice] 31#31: exit
2024/05/16 18:54:10 [notice] 32#32: exit
2024/05/16 18:54:10 [notice] 30#30: exit
2024/05/16 18:54:10 [notice] 1#1: signal 17 (SIGCHLD) received from 29
2024/05/16 18:54:10 [notice] 1#1: worker process 29 exited with code 0
2024/05/16 18:54:10 [notice] 1#1: signal 29 (SIGIO) received
2024/05/16 18:54:10 [notice] 1#1: signal 17 (SIGCHLD) received from 32
2024/05/16 18:54:10 [notice] 1#1: worker process 32 exited with code 0
2024/05/16 18:54:10 [notice] 1#1: signal 29 (SIGIO) received
2024/05/16 18:54:10 [notice] 1#1: signal 17 (SIGCHLD) received from 30
2024/05/16 18:54:10 [notice] 1#1: worker process 30 exited with code 0
2024/05/16 18:54:10 [notice] 1#1: signal 29 (SIGIO) received
2024/05/16 18:54:10 [notice] 1#1: signal 17 (SIGCHLD) received from 31
2024/05/16 18:54:10 [notice] 1#1: worker process 31 exited with code 0
2024/05/16 18:54:10 [notice] 1#1: exit
2024/05/16 18:54:11 [notice] 1#1: using the "epoll" event method
2024/05/16 18:54:11 [notice] 1#1: nginx/1.25.5
2024/05/16 18:54:11 [notice] 1#1: built by gcc 13.2.1 20231014 (Alpine 13.2.1_git20231014) 
2024/05/16 18:54:11 [notice] 1#1: OS: Linux 5.15.49-linuxkit
2024/05/16 18:54:11 [notice] 1#1: getrlimit(RLIMIT_NOFILE): 1048576:1048576
2024/05/16 18:54:11 [notice] 1#1: start worker processes
2024/05/16 18:54:11 [notice] 1#1: start worker process 29
2024/05/16 18:54:11 [notice] 1#1: start worker process 30
2024/05/16 18:54:11 [notice] 1#1: start worker process 31
2024/05/16 18:54:11 [notice] 1#1: start worker process 32
2024/05/16 19:04:28 [notice] 1#1: signal 3 (SIGQUIT) received, shutting down
2024/05/16 19:04:28 [notice] 30#30: gracefully shutting down
2024/05/16 19:04:28 [notice] 32#32: gracefully shutting down
2024/05/16 19:04:28 [notice] 32#32: exiting
2024/05/16 19:04:28 [notice] 29#29: gracefully shutting down
2024/05/16 19:04:28 [notice] 31#31: gracefully shutting down
2024/05/16 19:04:28 [notice] 30#30: exiting
2024/05/16 19:04:28 [notice] 32#32: exit
2024/05/16 19:04:28 [notice] 29#29: exiting
2024/05/16 19:04:28 [notice] 31#31: exiting
2024/05/16 19:04:28 [notice] 30#30: exit
2024/05/16 19:04:28 [notice] 31#31: exit
2024/05/16 19:04:28 [notice] 29#29: exit
2024/05/16 19:04:28 [notice] 1#1: signal 17 (SIGCHLD) received from 30
2024/05/16 19:04:28 [notice] 1#1: worker process 29 exited with code 0
2024/05/16 19:04:28 [notice] 1#1: worker process 30 exited with code 0
2024/05/16 19:04:28 [notice] 1#1: worker process 31 exited with code 0
2024/05/16 19:04:28 [notice] 1#1: worker process 32 exited with code 0
2024/05/16 19:04:28 [notice] 1#1: exit
2024/05/16 19:04:34 [notice] 1#1: using the "epoll" event method
2024/05/16 19:04:34 [notice] 1#1: nginx/1.25.5
2024/05/16 19:04:34 [notice] 1#1: built by gcc 13.2.1 20231014 (Alpine 13.2.1_git20231014) 
2024/05/16 19:04:34 [notice] 1#1: OS: Linux 5.15.49-linuxkit
2024/05/16 19:04:34 [notice] 1#1: getrlimit(RLIMIT_NOFILE): 1048576:1048576
2024/05/16 19:04:34 [notice] 1#1: start worker processes
2024/05/16 19:04:34 [notice] 1#1: start worker process 28
2024/05/16 19:04:34 [notice] 1#1: start worker process 29
2024/05/16 19:04:34 [notice] 1#1: start worker process 30
2024/05/16 19:04:34 [notice] 1#1: start worker process 31
2024/05/18 18:42:12 [notice] 1#1: signal 3 (SIGQUIT) received, shutting down
2024/05/18 18:42:12 [notice] 28#28: gracefully shutting down
2024/05/18 18:42:12 [notice] 31#31: gracefully shutting down
2024/05/18 18:42:12 [notice] 29#29: gracefully shutting down
2024/05/18 18:42:12 [notice] 30#30: gracefully shutting down
2024/05/18 18:42:12 [notice] 30#30: exiting
2024/05/18 18:42:12 [notice] 29#29: exiting
2024/05/18 18:42:12 [notice] 28#28: exiting
2024/05/18 18:42:12 [notice] 29#29: exit
2024/05/18 18:42:12 [notice] 30#30: exit
2024/05/18 18:42:12 [notice] 28#28: exit
2024/05/18 18:42:12 [notice] 31#31: exiting
2024/05/18 18:42:12 [notice] 31#31: exit
2024/05/18 18:42:12 [notice] 1#1: signal 17 (SIGCHLD) received from 29
2024/05/18 18:42:12 [notice] 1#1: worker process 29 exited with code 0
2024/05/18 18:42:12 [notice] 1#1: signal 29 (SIGIO) received
2024/05/18 18:42:12 [notice] 1#1: signal 17 (SIGCHLD) received from 28
2024/05/18 18:42:12 [notice] 1#1: worker process 28 exited with code 0
2024/05/18 18:42:12 [notice] 1#1: signal 29 (SIGIO) received
2024/05/18 18:42:12 [notice] 1#1: signal 17 (SIGCHLD) received from 30
2024/05/18 18:42:12 [notice] 1#1: worker process 30 exited with code 0
2024/05/18 18:42:12 [notice] 1#1: worker process 31 exited with code 0
2024/05/18 18:42:12 [notice] 1#1: exit
2024/05/18 18:42:27 [notice] 1#1: using the "epoll" event method
2024/05/18 18:42:27 [notice] 1#1: nginx/1.25.5
2024/05/18 18:42:27 [notice] 1#1: built by gcc 13.2.1 20231014 (Alpine 13.2.1_git20231014) 
2024/05/18 18:42:27 [notice] 1#1: OS: Linux 5.15.49-linuxkit
2024/05/18 18:42:27 [notice] 1#1: getrlimit(RLIMIT_NOFILE): 1048576:1048576
2024/05/18 18:42:27 [notice] 1#1: start worker processes
2024/05/18 18:42:27 [notice] 1#1: start worker process 29
2024/05/18 18:42:27 [notice] 1#1: start worker process 30
2024/05/18 18:42:27 [notice] 1#1: start worker process 31
2024/05/18 18:42:27 [notice] 1#1: start worker process 32
2024/05/18 20:00:47 [notice] 1#1: signal 3 (SIGQUIT) received, shutting down
2024/05/18 20:00:47 [notice] 31#31: gracefully shutting down
2024/05/18 20:00:47 [notice] 32#32: gracefully shutting down
2024/05/18 20:00:47 [notice] 31#31: exiting
2024/05/18 20:00:47 [notice] 29#29: gracefully shutting down
2024/05/18 20:00:47 [notice] 32#32: exiting
2024/05/18 20:00:47 [notice] 30#30: gracefully shutting down
2024/05/18 20:00:47 [notice] 30#30: exiting
2024/05/18 20:00:47 [notice] 31#31: exit
2024/05/18 20:00:47 [notice] 29#29: exiting
2024/05/18 20:00:47 [notice] 29#29: exit
2024/05/18 20:00:47 [notice] 32#32: exit
2024/05/18 20:00:47 [notice] 30#30: exit
2024/05/18 20:00:47 [notice] 1#1: signal 17 (SIGCHLD) received from 32
2024/05/18 20:00:47 [notice] 1#1: worker process 31 exited with code 0
2024/05/18 20:00:47 [notice] 1#1: worker process 32 exited with code 0
2024/05/18 20:00:47 [notice] 1#1: signal 29 (SIGIO) received
2024/05/18 20:00:47 [notice] 1#1: signal 17 (SIGCHLD) received from 31
2024/05/18 20:00:47 [notice] 1#1: signal 17 (SIGCHLD) received from 30
2024/05/18 20:00:47 [notice] 1#1: worker process 30 exited with code 0
2024/05/18 20:00:47 [notice] 1#1: signal 29 (SIGIO) received
2024/05/18 20:00:47 [notice] 1#1: signal 17 (SIGCHLD) received from 29
2024/05/18 20:00:47 [notice] 1#1: worker process 29 exited with code 0
2024/05/18 20:00:47 [notice] 1#1: exit
2024/05/18 20:20:17 [notice] 1#1: using the "epoll" event method
2024/05/18 20:20:17 [notice] 1#1: nginx/1.25.5
2024/05/18 20:20:17 [notice] 1#1: built by gcc 13.2.1 20231014 (Alpine 13.2.1_git20231014) 
2024/05/18 20:20:17 [notice] 1#1: OS: Linux 5.15.49-linuxkit
2024/05/18 20:20:17 [notice] 1#1: getrlimit(RLIMIT_NOFILE): 1048576:1048576
2024/05/18 20:20:17 [notice] 1#1: start worker processes
2024/05/18 20:20:17 [notice] 1#1: start worker process 29
2024/05/18 20:20:17 [notice] 1#1: start worker process 30
2024/05/18 20:20:17 [notice] 1#1: start worker process 31
2024/05/18 20:20:17 [notice] 1#1: start worker process 32
2024/05/18 20:26:12 [notice] 1#1: signal 3 (SIGQUIT) received, shutting down
2024/05/18 20:26:12 [notice] 29#29: gracefully shutting down
2024/05/18 20:26:12 [notice] 30#30: gracefully shutting down
2024/05/18 20:26:12 [notice] 30#30: exiting
2024/05/18 20:26:12 [notice] 32#32: gracefully shutting down
2024/05/18 20:26:12 [notice] 31#31: gracefully shutting down
2024/05/18 20:26:12 [notice] 29#29: exiting
2024/05/18 20:26:12 [notice] 29#29: exit
2024/05/18 20:26:12 [notice] 31#31: exiting
2024/05/18 20:26:12 [notice] 31#31: exit
2024/05/18 20:26:12 [notice] 32#32: exiting
2024/05/18 20:26:12 [notice] 32#32: exit
2024/05/18 20:26:12 [notice] 30#30: exit
2024/05/18 20:26:12 [notice] 1#1: signal 17 (SIGCHLD) received from 32
2024/05/18 20:26:12 [notice] 1#1: worker process 31 exited with code 0
2024/05/18 20:26:12 [notice] 1#1: worker process 32 exited with code 0
2024/05/18 20:26:12 [notice] 1#1: signal 29 (SIGIO) received
2024/05/18 20:26:12 [notice] 1#1: signal 17 (SIGCHLD) received from 31
2024/05/18 20:26:12 [notice] 1#1: signal 17 (SIGCHLD) received from 30
2024/05/18 20:26:12 [notice] 1#1: worker process 29 exited with code 0
2024/05/18 20:26:12 [notice] 1#1: worker process 30 exited with code 0
2024/05/18 20:26:12 [notice] 1#1: exit
2024/05/18 20:26:15 [notice] 1#1: using the "epoll" event method
2024/05/18 20:26:15 [notice] 1#1: nginx/1.25.5
2024/05/18 20:26:15 [notice] 1#1: built by gcc 13.2.1 20231014 (Alpine 13.2.1_git20231014) 
2024/05/18 20:26:15 [notice] 1#1: OS: Linux 5.15.49-linuxkit
2024/05/18 20:26:15 [notice] 1#1: getrlimit(RLIMIT_NOFILE): 1048576:1048576
2024/05/18 20:26:15 [notice] 1#1: start worker processes
2024/05/18 20:26:15 [notice] 1#1: start worker process 29
2024/05/18 20:26:15 [notice] 1#1: start worker process 30
2024/05/18 20:26:15 [notice] 1#1: start worker process 31
2024/05/18 20:26:15 [notice] 1#1: start worker process 32
2024/05/18 20:28:23 [notice] 1#1: signal 3 (SIGQUIT) received, shutting down
2024/05/18 20:28:23 [notice] 29#29: gracefully shutting down
2024/05/18 20:28:23 [notice] 30#30: gracefully shutting down
2024/05/18 20:28:23 [notice] 31#31: gracefully shutting down
2024/05/18 20:28:23 [notice] 31#31: exiting
2024/05/18 20:28:23 [notice] 32#32: gracefully shutting down
2024/05/18 20:28:23 [notice] 29#29: exiting
2024/05/18 20:28:23 [notice] 29#29: exit
2024/05/18 20:28:23 [notice] 30#30: exiting
2024/05/18 20:28:23 [notice] 31#31: exit
2024/05/18 20:28:23 [notice] 32#32: exiting
2024/05/18 20:28:23 [notice] 30#30: exit
2024/05/18 20:28:23 [notice] 32#32: exit
2024/05/18 20:28:23 [notice] 1#1: signal 17 (SIGCHLD) received from 29
2024/05/18 20:28:23 [notice] 1#1: worker process 29 exited with code 0
2024/05/18 20:28:23 [notice] 1#1: signal 29 (SIGIO) received
2024/05/18 20:28:23 [notice] 1#1: signal 17 (SIGCHLD) received from 31
2024/05/18 20:28:23 [notice] 1#1: worker process 31 exited with code 0
2024/05/18 20:28:23 [notice] 1#1: signal 29 (SIGIO) received
2024/05/18 20:28:23 [notice] 1#1: signal 17 (SIGCHLD) received from 32
2024/05/18 20:28:23 [notice] 1#1: worker process 32 exited with code 0
2024/05/18 20:28:23 [notice] 1#1: worker process 30 exited with code 0
2024/05/18 20:28:23 [notice] 1#1: exit
